#
# There is insufficient memory for the Java Runtime Environment to continue.
# Native memory allocation (malloc) failed to allocate 2213296 bytes for Chunk::new
# Possible reasons:
#   The system is out of physical RAM or swap space
#   The process is running with CompressedOops enabled, and the Java Heap may be blocking the growth of the native heap
# Possible solutions:
#   Reduce memory load on the system
#   Increase physical memory or swap space
#   Check if swap backing store is full
#   Decrease Java heap size (-Xmx/-Xms)
#   Decrease number of Java threads
#   Decrease Java thread stack sizes (-Xss)
#   Set larger code cache with -XX:ReservedCodeCacheSize=
#   JVM is running with Unscaled Compressed Oops mode in which the Java heap is
#     placed in the first 4GB address space. The Java Heap base address is the
#     maximum limit for the native heap growth. Please use -XX:HeapBaseMinAddress
#     to set the Java Heap base and to place the Java Heap above 4GB virtual address.
# This output file may be truncated or incomplete.
#
#  Out of Memory Error (./open/src/hotspot/share/memory/arena.cpp:195), pid=17852, tid=13780
#
# JRE version: Java(TM) SE Runtime Environment (15.0.2+7) (build 15.0.2+7-27)
# Java VM: Java HotSpot(TM) 64-Bit Server VM (15.0.2+7-27, mixed mode, sharing, tiered, compressed oops, g1 gc, windows-amd64)
# No core dump will be written. Minidumps are not enabled by default on client versions of Windows
#

---------------  S U M M A R Y ------------

Command Line: -Dapplication.home=F:\Run\JDK --add-modules=ALL-DEFAULT -Xms8m -Djdk.module.main=jdk.compiler jdk.compiler/com.sun.tools.javac.Main -d E:\4th Semester\Java OOP\University Dormitory Management\build\classes -classpath E:\4th Semester\Java OOP\University Dormitory Management\build\classes;E:\4th Semester\Java OOP\java\RSCalendar.jar;E:\4th Semester\Java OOP\java\jcalendar-1.4\lib\jcalendar-1.4.jar;E:\4th Semester\Java OOP\java\mysql-connector-java-8.0.26\mysql-connector-java-8.0.26.jar;F:\Download all\Download all\netbeans\java\modules\ext\AbsoluteLayout.jar -sourcepath E:\4th Semester\Java OOP\University Dormitory Management\src -target 15 -encoding UTF-8 -g -processorpath E:\4th Semester\Java OOP\java\RSCalendar.jar;E:\4th Semester\Java OOP\java\jcalendar-1.4\lib\jcalendar-1.4.jar;E:\4th Semester\Java OOP\java\mysql-connector-java-8.0.26\mysql-connector-java-8.0.26.jar;F:\Download all\Download all\netbeans\java\modules\ext\AbsoluteLayout.jar;E:\4th Semester\Java OOP\University Dormitory Management\build\empty -s E:\4th Semester\Java OOP\University Dormitory Management\build\generated-sources\ap-source-output -source 15 E:\4th Semester\Java OOP\University Dormitory Management\src\Test.java

Host: Intel(R) Core(TM) i5-8265U CPU @ 1.60GHz, 8 cores, 7G,  Windows 10 , 64 bit Build 19041 (10.0.19041.1466)
Time: Sun Jan 30 01:13:49 2022 Bangladesh Standard Time elapsed time: 1.020329 seconds (0d 0h 0m 1s)

---------------  T H R E A D  ---------------

Current thread (0x0000011884d7e8a0):  JavaThread "C2 CompilerThread1" daemon [_thread_in_native, id=13780, stack(0x000000122e400000,0x000000122e500000)]


Current CompileTask:
C2:   1020 1613   !   4       com.sun.tools.javac.jvm.ClassReader::classSigToType (497 bytes)

Stack: [0x000000122e400000,0x000000122e500000]
Native frames: (J=compiled Java code, j=interpreted, Vv=VM code, C=native code)
V  [jvm.dll+0x62ae9a]
V  [jvm.dll+0x7817a9]
V  [jvm.dll+0x782f03]
V  [jvm.dll+0x783563]
V  [jvm.dll+0x216325]
V  [jvm.dll+0x97f3a]
V  [jvm.dll+0x9861c]
V  [jvm.dll+0x32e2a8]
V  [jvm.dll+0x2f768a]
V  [jvm.dll+0x2f6a4a]
V  [jvm.dll+0x1ea705]
V  [jvm.dll+0x1e996e]
V  [jvm.dll+0x178567]
V  [jvm.dll+0x1f9225]
V  [jvm.dll+0x1f72cc]
V  [jvm.dll+0x74495d]
V  [jvm.dll+0x73d75a]
V  [jvm.dll+0x629c56]
C  [ucrtbase.dll+0x21bb2]
C  [KERNEL32.DLL+0x17034]
C  [ntdll.dll+0x52651]


---------------  P R O C E S S  ---------------

Threads class SMR info:
_java_thread_list=0x000001188512dc80, length=12, elements={
0x00000118e54f4510, 0x00000118848b6350, 0x00000118848b6d30, 0x00000118848d09a0,
0x00000118848d3270, 0x00000118848d4b40, 0x00000118848d5730, 0x00000118848d6030,
0x00000118848d6930, 0x000001188489a970, 0x0000011884a9eed0, 0x0000011884d7e8a0
}

Java Threads: ( => current thread )
  0x00000118e54f4510 JavaThread "main" [_thread_in_Java, id=732, stack(0x000000122d100000,0x000000122d200000)]
  0x00000118848b6350 JavaThread "Reference Handler" daemon [_thread_blocked, id=21680, stack(0x000000122d800000,0x000000122d900000)]
  0x00000118848b6d30 JavaThread "Finalizer" daemon [_thread_blocked, id=21248, stack(0x000000122d900000,0x000000122da00000)]
  0x00000118848d09a0 JavaThread "Signal Dispatcher" daemon [_thread_blocked, id=17612, stack(0x000000122da00000,0x000000122db00000)]
  0x00000118848d3270 JavaThread "Attach Listener" daemon [_thread_blocked, id=21108, stack(0x000000122db00000,0x000000122dc00000)]
  0x00000118848d4b40 JavaThread "Service Thread" daemon [_thread_blocked, id=16216, stack(0x000000122dc00000,0x000000122dd00000)]
  0x00000118848d5730 JavaThread "C2 CompilerThread0" daemon [_thread_in_native, id=19896, stack(0x000000122dd00000,0x000000122de00000)]
  0x00000118848d6030 JavaThread "C1 CompilerThread0" daemon [_thread_in_native, id=20224, stack(0x000000122de00000,0x000000122df00000)]
  0x00000118848d6930 JavaThread "Sweeper thread" daemon [_thread_blocked, id=20284, stack(0x000000122df00000,0x000000122e000000)]
  0x000001188489a970 JavaThread "Common-Cleaner" daemon [_thread_blocked, id=18864, stack(0x000000122e000000,0x000000122e100000)]
  0x0000011884a9eed0 JavaThread "Notification Thread" daemon [_thread_blocked, id=20992, stack(0x000000122e100000,0x000000122e200000)]
=>0x0000011884d7e8a0 JavaThread "C2 CompilerThread1" daemon [_thread_in_native, id=13780, stack(0x000000122e400000,0x000000122e500000)]

Other Threads:
  0x00000118848b1490 VMThread "VM Thread" [stack: 0x000000122d700000,0x000000122d800000] [id=18336]
  0x0000011884a9fbb0 WatcherThread [stack: 0x000000122e200000,0x000000122e300000] [id=21264]
  0x00000118e5534100 GCTaskThread "GC Thread#0" [stack: 0x000000122d200000,0x000000122d300000] [id=21568]
  0x0000011884a91610 GCTaskThread "GC Thread#1" [stack: 0x000000122e300000,0x000000122e400000] [id=19484]
  0x00000118e5544ee0 ConcurrentGCThread "G1 Main Marker" [stack: 0x000000122d300000,0x000000122d400000] [id=15216]
  0x00000118e5545a60 ConcurrentGCThread "G1 Conc#0" [stack: 0x000000122d400000,0x000000122d500000] [id=17164]
  0x00000118e5573ef0 ConcurrentGCThread "G1 Refine#0" [stack: 0x000000122d500000,0x000000122d600000] [id=16884]
  0x0000011886456af0 ConcurrentGCThread "G1 Refine#1" [stack: 0x000000122e500000,0x000000122e600000] [id=20976]
  0x00000118e5577840 ConcurrentGCThread "G1 Young RemSet Sampling" [stack: 0x000000122d600000,0x000000122d700000] [id=17072]

Threads with active compile tasks:
C2 CompilerThread0     1048 2357       4       com.sun.tools.javac.comp.Resolve::findInheritedMemberType (186 bytes)
C1 CompilerThread0     1048 2670       2       com.sun.tools.javac.jvm.Code::emitop2 (551 bytes)
C2 CompilerThread1     1048 1613   !   4       com.sun.tools.javac.jvm.ClassReader::classSigToType (497 bytes)

VM state: not at safepoint (normal execution)

VM Mutex/Monitor currently owned by a thread: None

Heap address: 0x0000000082000000, size: 2016 MB, Compressed Oops mode: 32-bit
CDS archive(s) mapped at: [0x0000000800000000-0x0000000800b50000-0x0000000800b50000), size 11862016, SharedBaseAddress: 0x0000000800000000, ArchiveRelocationMode: 0.
Compressed class space mapped at: 0x0000000800b50000-0x0000000840b50000, size: 1073741824
Narrow klass base: 0x0000000800000000, Narrow klass shift: 3, Narrow klass range: 0x100000000

GC Precious Log:
 CPUs: 8 total, 8 available
 Memory: 8062M
 Large Page Support: Disabled
 NUMA Support: Disabled
 Compressed Oops: Enabled (32-bit)
 Heap Region Size: 1M
 Heap Min Capacity: 8M
 Heap Initial Capacity: 8M
 Heap Max Capacity: 2016M
 Pre-touch: Disabled
 Parallel Workers: 8
 Concurrent Workers: 2
 Concurrent Refinement Workers: 8
 Periodic GC: Disabled

Heap:
 garbage-first heap   total 34816K, used 14470K [0x0000000082000000, 0x0000000100000000)
  region size 1024K, 3 young (3072K), 1 survivors (1024K)
 Metaspace       used 11721K, capacity 13668K, committed 13824K, reserved 1060864K
  class space    used 1264K, capacity 1466K, committed 1536K, reserved 1048576K

Heap Regions: E=young(eden), S=young(survivor), O=old, HS=humongous(starts), HC=humongous(continues), CS=collection set, F=free, OA=open archive, CA=closed archive, TAMS=top-at-mark-start (previous, next)
|   0|0x0000000082000000, 0x0000000082100000, 0x0000000082100000|100%| O|  |TAMS 0x0000000082000000, 0x0000000082000000| Untracked 
|   1|0x0000000082100000, 0x0000000082200000, 0x0000000082200000|100%| O|  |TAMS 0x0000000082100000, 0x0000000082100000| Untracked 
|   2|0x0000000082200000, 0x0000000082300000, 0x0000000082300000|100%| O|  |TAMS 0x0000000082200000, 0x0000000082200000| Untracked 
|   3|0x0000000082300000, 0x0000000082400000, 0x0000000082400000|100%| O|  |TAMS 0x0000000082300000, 0x0000000082300000| Untracked 
|   4|0x0000000082400000, 0x0000000082500000, 0x0000000082500000|100%| O|  |TAMS 0x0000000082400000, 0x0000000082400000| Untracked 
|   5|0x0000000082500000, 0x0000000082600000, 0x0000000082600000|100%| O|  |TAMS 0x0000000082500000, 0x0000000082500000| Untracked 
|   6|0x0000000082600000, 0x0000000082700000, 0x0000000082700000|100%| O|  |TAMS 0x0000000082600000, 0x0000000082600000| Untracked 
|   7|0x0000000082700000, 0x0000000082800000, 0x0000000082800000|100%| O|  |TAMS 0x0000000082700000, 0x0000000082700000| Untracked 
|   8|0x0000000082800000, 0x0000000082900000, 0x0000000082900000|100%|HS|  |TAMS 0x0000000082800000, 0x0000000082800000| Complete 
|   9|0x0000000082900000, 0x0000000082a00000, 0x0000000082a00000|100%| O|  |TAMS 0x0000000082900000, 0x0000000082900000| Untracked 
|  10|0x0000000082a00000, 0x0000000082b00000, 0x0000000082b00000|100%| O|  |TAMS 0x0000000082a00000, 0x0000000082a00000| Untracked 
|  11|0x0000000082b00000, 0x0000000082c00000, 0x0000000082c00000|100%| O|  |TAMS 0x0000000082b00000, 0x0000000082b00000| Untracked 
|  12|0x0000000082c00000, 0x0000000082c5de00, 0x0000000082d00000| 36%| O|  |TAMS 0x0000000082c00000, 0x0000000082c00000| Untracked 
|  13|0x0000000082d00000, 0x0000000082d00000, 0x0000000082e00000|  0%| F|  |TAMS 0x0000000082d00000, 0x0000000082d00000| Untracked 
|  14|0x0000000082e00000, 0x0000000082e00000, 0x0000000082f00000|  0%| F|  |TAMS 0x0000000082e00000, 0x0000000082e00000| Untracked 
|  15|0x0000000082f00000, 0x0000000082f00000, 0x0000000083000000|  0%| F|  |TAMS 0x0000000082f00000, 0x0000000082f00000| Untracked 
|  16|0x0000000083000000, 0x0000000083000000, 0x0000000083100000|  0%| F|  |TAMS 0x0000000083000000, 0x0000000083000000| Untracked 
|  17|0x0000000083100000, 0x0000000083100000, 0x0000000083200000|  0%| F|  |TAMS 0x0000000083100000, 0x0000000083100000| Untracked 
|  18|0x0000000083200000, 0x0000000083200000, 0x0000000083300000|  0%| F|  |TAMS 0x0000000083200000, 0x0000000083200000| Untracked 
|  19|0x0000000083300000, 0x0000000083300000, 0x0000000083400000|  0%| F|  |TAMS 0x0000000083300000, 0x0000000083300000| Untracked 
|  20|0x0000000083400000, 0x0000000083400000, 0x0000000083500000|  0%| F|  |TAMS 0x0000000083400000, 0x0000000083400000| Untracked 
|  21|0x0000000083500000, 0x0000000083500000, 0x0000000083600000|  0%| F|  |TAMS 0x0000000083500000, 0x0000000083500000| Untracked 
|  22|0x0000000083600000, 0x00000000836c3c80, 0x0000000083700000| 76%| S|CS|TAMS 0x0000000083600000, 0x0000000083600000| Complete 
|  23|0x0000000083700000, 0x0000000083700000, 0x0000000083800000|  0%| F|  |TAMS 0x0000000083700000, 0x0000000083700000| Untracked 
|  24|0x0000000083800000, 0x0000000083800000, 0x0000000083900000|  0%| F|  |TAMS 0x0000000083800000, 0x0000000083800000| Untracked 
|  25|0x0000000083900000, 0x0000000083900000, 0x0000000083a00000|  0%| F|  |TAMS 0x0000000083900000, 0x0000000083900000| Untracked 
|  26|0x0000000083a00000, 0x0000000083a00000, 0x0000000083b00000|  0%| F|  |TAMS 0x0000000083a00000, 0x0000000083a00000| Untracked 
|  27|0x0000000083b00000, 0x0000000083b00000, 0x0000000083c00000|  0%| F|  |TAMS 0x0000000083b00000, 0x0000000083b00000| Untracked 
|  28|0x0000000083c00000, 0x0000000083c00000, 0x0000000083d00000|  0%| F|  |TAMS 0x0000000083c00000, 0x0000000083c00000| Untracked 
|  29|0x0000000083d00000, 0x0000000083d00000, 0x0000000083e00000|  0%| F|  |TAMS 0x0000000083d00000, 0x0000000083d00000| Untracked 
|  30|0x0000000083e00000, 0x0000000083e00000, 0x0000000083f00000|  0%| F|  |TAMS 0x0000000083e00000, 0x0000000083e00000| Untracked 
|  31|0x0000000083f00000, 0x0000000083f00000, 0x0000000084000000|  0%| F|  |TAMS 0x0000000083f00000, 0x0000000083f00000| Untracked 
|  32|0x0000000084000000, 0x0000000084100000, 0x0000000084100000|100%| E|  |TAMS 0x0000000084000000, 0x0000000084000000| Complete 
|  33|0x0000000084100000, 0x0000000084200000, 0x0000000084200000|100%| E|CS|TAMS 0x0000000084100000, 0x0000000084100000| Complete 

Card table byte_map: [0x00000118fce50000,0x00000118fd240000] _byte_map_base: 0x00000118fca40000

Marking Bits (Prev, Next): (CMBitMap*) 0x00000118e5534880, (CMBitMap*) 0x00000118e55348c0
 Prev Bits: [0x00000118fd630000, 0x00000118ff5b0000)
 Next Bits: [0x0000011880000000, 0x0000011881f80000)

Polling page: 0x00000118e34d0000

Metaspace:

Usage:
  Non-class:     11.92 MB capacity,    10.22 MB ( 86%) used,     1.69 MB ( 14%) free+waste,    13.56 KB ( <1%) overhead. 
      Class:      1.43 MB capacity,     1.24 MB ( 86%) used,   195.93 KB ( 13%) free+waste,     5.19 KB ( <1%) overhead. 
       Both:     13.35 MB capacity,    11.45 MB ( 86%) used,     1.88 MB ( 14%) free+waste,    18.75 KB ( <1%) overhead. 

Virtual space:
  Non-class space:       12.00 MB reserved,      12.00 MB (100%) committed 
      Class space:        1.00 GB reserved,       1.50 MB ( <1%) committed 
             Both:        1.01 GB reserved,      13.50 MB (  1%) committed 

Chunk freelists:
   Non-Class:  22.00 KB
       Class:  6.00 KB
        Both:  28.00 KB

MaxMetaspaceSize: 17179869184.00 GB
CompressedClassSpaceSize: 1.00 GB

CodeHeap 'non-profiled nmethods': size=120000Kb used=724Kb max_used=724Kb free=119275Kb
 bounds [0x00000118f5200000, 0x00000118f5470000, 0x00000118fc730000]
CodeHeap 'profiled nmethods': size=120000Kb used=5292Kb max_used=5292Kb free=114707Kb
 bounds [0x00000118edcd0000, 0x00000118ee200000, 0x00000118f5200000]
CodeHeap 'non-nmethods': size=5760Kb used=1167Kb max_used=1204Kb free=4592Kb
 bounds [0x00000118ed730000, 0x00000118ed9a0000, 0x00000118edcd0000]
 total_blobs=3032 nmethods=2610 adapters=333
 compilation: enabled
              stopped_count=0, restarted_count=0
 full_count=0

Compilation events (20 events):
Event: 1.010 Thread 0x00000118848d6030 nmethod 2572 0x00000118ee1cba90 code [0x00000118ee1cbc20, 0x00000118ee1cbd48]
Event: 1.011 Thread 0x00000118848d6030 2573       2       com.sun.tools.javac.util.Bits::incl (70 bytes)
Event: 1.011 Thread 0x00000118848d6030 nmethod 2573 0x00000118ee1cbe10 code [0x00000118ee1cbfe0, 0x00000118ee1cc408]
Event: 1.011 Thread 0x00000118848d6030 2574       2       com.sun.tools.javac.jvm.Items$Item::<init> (15 bytes)
Event: 1.011 Thread 0x00000118848d6030 nmethod 2574 0x00000118ee1cc610 code [0x00000118ee1cc7a0, 0x00000118ee1cc8f8]
Event: 1.011 Thread 0x00000118848d6030 2575       2       com.sun.tools.javac.jvm.PoolWriter$WriteablePoolHelper::writeConstant (863 bytes)
Event: 1.014 Thread 0x00000118848d6030 nmethod 2575 0x00000118ee1cc990 code [0x00000118ee1cd160, 0x00000118ee1cf738]
Event: 1.014 Thread 0x00000118848d6030 2576       2       java.nio.ByteBuffer::wrap (8 bytes)
Event: 1.014 Thread 0x00000118848d6030 nmethod 2576 0x00000118ee1d1710 code [0x00000118ee1d18a0, 0x00000118ee1d19a8]
Event: 1.014 Thread 0x00000118848d6030 2577   !   2       java.nio.ByteBuffer::wrap (21 bytes)
Event: 1.014 Thread 0x00000118848d6030 nmethod 2577 0x00000118ee1d1a90 code [0x00000118ee1d1c40, 0x00000118ee1d1eb8]
Event: 1.015 Thread 0x00000118848d6030 2579       2       com.sun.tools.javac.code.Types$UniqueType::hashCode (12 bytes)
Event: 1.015 Thread 0x00000118848d6030 nmethod 2579 0x00000118ee1d2010 code [0x00000118ee1d21c0, 0x00000118ee1d2348]
Event: 1.015 Thread 0x00000118848d6030 2580       2       com.sun.tools.javac.util.ArrayUtils::ensureCapacity (41 bytes)
Event: 1.016 Thread 0x00000118848d6030 nmethod 2580 0x00000118ee1d2490 code [0x00000118ee1d2660, 0x00000118ee1d2a28]
Event: 1.016 Thread 0x00000118848d6030 2582       2       java.nio.channels.spi.AbstractInterruptibleChannel::isOpen (13 bytes)
Event: 1.016 Thread 0x00000118848d6030 nmethod 2582 0x00000118ee1d2c10 code [0x00000118ee1d2da0, 0x00000118ee1d2eb8]
Event: 1.016 Thread 0x00000118848d6030 2581       1       sun.nio.ch.NativeThread::current (2 bytes)
Event: 1.016 Thread 0x00000118848d6030 nmethod 2581 0x00000118f52b2c90 code [0x00000118f52b2e20, 0x00000118f52b2eb8]
Event: 1.017 Thread 0x00000118848d6030 2583       2       com.sun.tools.javac.code.Types$SignatureGenerator::assembleSig (525 bytes)

GC Heap History (20 events):
Event: 0.404 GC heap before
{Heap before GC invocations=6 (full 0):
 garbage-first heap   total 12288K, used 5249K [0x0000000082000000, 0x0000000100000000)
  region size 1024K, 3 young (3072K), 1 survivors (1024K)
 Metaspace       used 8713K, capacity 11387K, committed 11520K, reserved 1058816K
  class space    used 1002K, capacity 1261K, committed 1280K, reserved 1048576K
}
Event: 0.407 GC heap after
{Heap after GC invocations=7 (full 0):
 garbage-first heap   total 12288K, used 4231K [0x0000000082000000, 0x0000000100000000)
  region size 1024K, 1 young (1024K), 1 survivors (1024K)
 Metaspace       used 8713K, capacity 11387K, committed 11520K, reserved 1058816K
  class space    used 1002K, capacity 1261K, committed 1280K, reserved 1048576K
}
Event: 0.430 GC heap before
{Heap before GC invocations=7 (full 0):
 garbage-first heap   total 12288K, used 5255K [0x0000000082000000, 0x0000000100000000)
  region size 1024K, 2 young (2048K), 1 survivors (1024K)
 Metaspace       used 8849K, capacity 11451K, committed 11520K, reserved 1058816K
  class space    used 1017K, capacity 1261K, committed 1280K, reserved 1048576K
}
Event: 0.432 GC heap after
{Heap after GC invocations=8 (full 0):
 garbage-first heap   total 12288K, used 4868K [0x0000000082000000, 0x0000000100000000)
  region size 1024K, 1 young (1024K), 1 survivors (1024K)
 Metaspace       used 8849K, capacity 11451K, committed 11520K, reserved 1058816K
  class space    used 1017K, capacity 1261K, committed 1280K, reserved 1048576K
}
Event: 0.456 GC heap before
{Heap before GC invocations=8 (full 0):
 garbage-first heap   total 12288K, used 5892K [0x0000000082000000, 0x0000000100000000)
  region size 1024K, 2 young (2048K), 1 survivors (1024K)
 Metaspace       used 8986K, capacity 11454K, committed 11520K, reserved 1058816K
  class space    used 1024K, capacity 1262K, committed 1280K, reserved 1048576K
}
Event: 0.457 GC heap after
{Heap after GC invocations=9 (full 0):
 garbage-first heap   total 20480K, used 5082K [0x0000000082000000, 0x0000000100000000)
  region size 1024K, 1 young (1024K), 1 survivors (1024K)
 Metaspace       used 8986K, capacity 11454K, committed 11520K, reserved 1058816K
  class space    used 1024K, capacity 1262K, committed 1280K, reserved 1048576K
}
Event: 0.501 GC heap before
{Heap before GC invocations=9 (full 0):
 garbage-first heap   total 20480K, used 10202K [0x0000000082000000, 0x0000000100000000)
  region size 1024K, 6 young (6144K), 1 survivors (1024K)
 Metaspace       used 9229K, capacity 11521K, committed 11776K, reserved 1060864K
  class space    used 1043K, capacity 1263K, committed 1280K, reserved 1048576K
}
Event: 0.503 GC heap after
{Heap after GC invocations=10 (full 0):
 garbage-first heap   total 20480K, used 5687K [0x0000000082000000, 0x0000000100000000)
  region size 1024K, 1 young (1024K), 1 survivors (1024K)
 Metaspace       used 9229K, capacity 11521K, committed 11776K, reserved 1060864K
  class space    used 1043K, capacity 1263K, committed 1280K, reserved 1048576K
}
Event: 0.538 GC heap before
{Heap before GC invocations=10 (full 0):
 garbage-first heap   total 20480K, used 11831K [0x0000000082000000, 0x0000000100000000)
  region size 1024K, 7 young (7168K), 1 survivors (1024K)
 Metaspace       used 9425K, capacity 11751K, committed 11904K, reserved 1060864K
  class space    used 1061K, capacity 1297K, committed 1408K, reserved 1048576K
}
Event: 0.542 GC heap after
{Heap after GC invocations=11 (full 0):
 garbage-first heap   total 20480K, used 6694K [0x0000000082000000, 0x0000000100000000)
  region size 1024K, 1 young (1024K), 1 survivors (1024K)
 Metaspace       used 9425K, capacity 11751K, committed 11904K, reserved 1060864K
  class space    used 1061K, capacity 1297K, committed 1408K, reserved 1048576K
}
Event: 0.557 GC heap before
{Heap before GC invocations=11 (full 0):
 garbage-first heap   total 20480K, used 11814K [0x0000000082000000, 0x0000000100000000)
  region size 1024K, 7 young (7168K), 1 survivors (1024K)
 Metaspace       used 9446K, capacity 11751K, committed 11904K, reserved 1060864K
  class space    used 1061K, capacity 1297K, committed 1408K, reserved 1048576K
}
Event: 0.560 GC heap after
{Heap after GC invocations=12 (full 0):
 garbage-first heap   total 20480K, used 7809K [0x0000000082000000, 0x0000000100000000)
  region size 1024K, 1 young (1024K), 1 survivors (1024K)
 Metaspace       used 9446K, capacity 11751K, committed 11904K, reserved 1060864K
  class space    used 1061K, capacity 1297K, committed 1408K, reserved 1048576K
}
Event: 0.585 GC heap before
{Heap before GC invocations=12 (full 0):
 garbage-first heap   total 20480K, used 12929K [0x0000000082000000, 0x0000000100000000)
  region size 1024K, 7 young (7168K), 1 survivors (1024K)
 Metaspace       used 9494K, capacity 11751K, committed 11904K, reserved 1060864K
  class space    used 1066K, capacity 1297K, committed 1408K, reserved 1048576K
}
Event: 0.588 GC heap after
{Heap after GC invocations=13 (full 0):
 garbage-first heap   total 34816K, used 9024K [0x0000000082000000, 0x0000000100000000)
  region size 1024K, 1 young (1024K), 1 survivors (1024K)
 Metaspace       used 9494K, capacity 11751K, committed 11904K, reserved 1060864K
  class space    used 1066K, capacity 1297K, committed 1408K, reserved 1048576K
}
Event: 0.761 GC heap before
{Heap before GC invocations=13 (full 0):
 garbage-first heap   total 34816K, used 24384K [0x0000000082000000, 0x0000000100000000)
  region size 1024K, 15 young (15360K), 1 survivors (1024K)
 Metaspace       used 10768K, capacity 12801K, committed 13056K, reserved 1060864K
  class space    used 1209K, capacity 1433K, committed 1536K, reserved 1048576K
}
Event: 0.767 GC heap after
{Heap after GC invocations=14 (full 0):
 garbage-first heap   total 34816K, used 12605K [0x0000000082000000, 0x0000000100000000)
  region size 1024K, 2 young (2048K), 2 survivors (2048K)
 Metaspace       used 10768K, capacity 12801K, committed 13056K, reserved 1060864K
  class space    used 1209K, capacity 1433K, committed 1536K, reserved 1048576K
}
Event: 0.892 GC heap before
{Heap before GC invocations=14 (full 0):
 garbage-first heap   total 34816K, used 22845K [0x0000000082000000, 0x0000000100000000)
  region size 1024K, 12 young (12288K), 2 survivors (2048K)
 Metaspace       used 11028K, capacity 13060K, committed 13312K, reserved 1060864K
  class space    used 1215K, capacity 1434K, committed 1536K, reserved 1048576K
}
Event: 0.897 GC heap after
{Heap after GC invocations=15 (full 0):
 garbage-first heap   total 34816K, used 13317K [0x0000000082000000, 0x0000000100000000)
  region size 1024K, 1 young (1024K), 1 survivors (1024K)
 Metaspace       used 11028K, capacity 13060K, committed 13312K, reserved 1060864K
  class space    used 1215K, capacity 1434K, committed 1536K, reserved 1048576K
}
Event: 0.980 GC heap before
{Heap before GC invocations=15 (full 0):
 garbage-first heap   total 34816K, used 23557K [0x0000000082000000, 0x0000000100000000)
  region size 1024K, 11 young (11264K), 1 survivors (1024K)
 Metaspace       used 11325K, capacity 13316K, committed 13568K, reserved 1060864K
  class space    used 1232K, capacity 1434K, committed 1536K, reserved 1048576K
}
Event: 0.982 GC heap after
{Heap after GC invocations=16 (full 0):
 garbage-first heap   total 34816K, used 13446K [0x0000000082000000, 0x0000000100000000)
  region size 1024K, 1 young (1024K), 1 survivors (1024K)
 Metaspace       used 11325K, capacity 13316K, committed 13568K, reserved 1060864K
  class space    used 1232K, capacity 1434K, committed 1536K, reserved 1048576K
}

Deoptimization events (20 events):
Event: 0.793 Thread 0x00000118e54f4510 DEOPT PACKING pc=0x00000118f529e3f8 sp=0x000000122d1fcb30
Event: 0.793 Thread 0x00000118e54f4510 DEOPT UNPACKING pc=0x00000118ed77e42f sp=0x000000122d1fca80 mode 2
Event: 0.794 Thread 0x00000118e54f4510 Uncommon trap: trap_request=0xffffffc6 fr.pc=0x00000118f529e3f8 relative=0x0000000000000f58
Event: 0.794 Thread 0x00000118e54f4510 Uncommon trap: reason=bimorphic_or_optimized_type_check action=maybe_recompile pc=0x00000118f529e3f8 method=com.sun.tools.javac.code.Types$15.visitClassType(Lcom/sun/tools/javac/code/Type$ClassType;Ljava/lang/Void;)Lcom/sun/tools/javac/code/Type; @ 19 c2
Event: 0.794 Thread 0x00000118e54f4510 DEOPT PACKING pc=0x00000118f529e3f8 sp=0x000000122d1fcc50
Event: 0.794 Thread 0x00000118e54f4510 DEOPT UNPACKING pc=0x00000118ed77e42f sp=0x000000122d1fcba0 mode 2
Event: 0.805 Thread 0x00000118e54f4510 DEOPT PACKING pc=0x00000118ee026fd4 sp=0x000000122d1fd230
Event: 0.805 Thread 0x00000118e54f4510 DEOPT UNPACKING pc=0x00000118ed77e23f sp=0x000000122d1fc778 mode 0
Event: 0.956 Thread 0x00000118e54f4510 Uncommon trap: trap_request=0xffffff45 fr.pc=0x00000118f529f80c relative=0x000000000000026c
Event: 0.956 Thread 0x00000118e54f4510 Uncommon trap: reason=unstable_if action=reinterpret pc=0x00000118f529f80c method=com.sun.tools.javac.code.Scope$ScopeImpl.lookup(Lcom/sun/tools/javac/util/Name;Lcom/sun/tools/javac/util/Filter;)Lcom/sun/tools/javac/code/Scope$Entry; @ 19 c2
Event: 0.956 Thread 0x00000118e54f4510 DEOPT PACKING pc=0x00000118f529f80c sp=0x000000122d1fe270
Event: 0.956 Thread 0x00000118e54f4510 DEOPT UNPACKING pc=0x00000118ed77e42f sp=0x000000122d1fe208 mode 2
Event: 0.967 Thread 0x00000118e54f4510 Uncommon trap: trap_request=0xffffff45 fr.pc=0x00000118f52a6364 relative=0x00000000000012e4
Event: 0.967 Thread 0x00000118e54f4510 Uncommon trap: reason=unstable_if action=reinterpret pc=0x00000118f52a6364 method=com.sun.tools.javac.code.Types$15.visitClassType(Lcom/sun/tools/javac/code/Type$ClassType;Ljava/lang/Void;)Lcom/sun/tools/javac/code/Type; @ 43 c2
Event: 0.967 Thread 0x00000118e54f4510 DEOPT PACKING pc=0x00000118f52a6364 sp=0x000000122d1fe6d0
Event: 0.967 Thread 0x00000118e54f4510 DEOPT UNPACKING pc=0x00000118ed77e42f sp=0x000000122d1fe660 mode 2
Event: 0.975 Thread 0x00000118e54f4510 Uncommon trap: trap_request=0xffffff45 fr.pc=0x00000118f52aa1c8 relative=0x00000000000012c8
Event: 0.975 Thread 0x00000118e54f4510 Uncommon trap: reason=unstable_if action=reinterpret pc=0x00000118f52aa1c8 method=com.sun.tools.javac.code.Types$15.visitClassType(Lcom/sun/tools/javac/code/Type$ClassType;Ljava/lang/Void;)Lcom/sun/tools/javac/code/Type; @ 75 c2
Event: 0.975 Thread 0x00000118e54f4510 DEOPT PACKING pc=0x00000118f52aa1c8 sp=0x000000122d1fcbe0
Event: 0.975 Thread 0x00000118e54f4510 DEOPT UNPACKING pc=0x00000118ed77e42f sp=0x000000122d1fcbe0 mode 2

Classes unloaded (0 events):
No events

Classes redefined (0 events):
No events

Internal exceptions (20 events):
Event: 0.554 Thread 0x00000118e54f4510 Exception <a 'sun/nio/fs/WindowsException'{0x00000000830e90a0}> (0x00000000830e90a0) 
thrown [./open/src/hotspot/share/prims/jni.cpp, line 578]
Event: 0.554 Thread 0x00000118e54f4510 Exception <a 'sun/nio/fs/WindowsException'{0x00000000830e9360}> (0x00000000830e9360) 
thrown [./open/src/hotspot/share/prims/jni.cpp, line 578]
Event: 0.596 Thread 0x00000118e54f4510 Exception <a 'java/lang/NoSuchMethodError'{0x00000000841e10c8}: 'void java.lang.invoke.DirectMethodHandle$Holder.invokeSpecial(java.lang.Object, java.lang.Object, java.lang.Object, java.lang.Object, java.lang.Object)'> (0x00000000841e10c8) 
thrown [./open/src/hotspot/share/interpreter/linkResolver.cpp, line 782]
Event: 0.612 Thread 0x00000118e54f4510 Exception <a 'sun/nio/fs/WindowsException'{0x0000000083e07c08}> (0x0000000083e07c08) 
thrown [./open/src/hotspot/share/prims/jni.cpp, line 578]
Event: 0.613 Thread 0x00000118e54f4510 Exception <a 'sun/nio/fs/WindowsException'{0x0000000083e07ef8}> (0x0000000083e07ef8) 
thrown [./open/src/hotspot/share/prims/jni.cpp, line 578]
Event: 0.613 Thread 0x00000118e54f4510 Exception <a 'sun/nio/fs/WindowsException'{0x0000000083e09928}> (0x0000000083e09928) 
thrown [./open/src/hotspot/share/prims/jni.cpp, line 578]
Event: 0.613 Thread 0x00000118e54f4510 Exception <a 'sun/nio/fs/WindowsException'{0x0000000083e09be0}> (0x0000000083e09be0) 
thrown [./open/src/hotspot/share/prims/jni.cpp, line 578]
Event: 0.613 Thread 0x00000118e54f4510 Exception <a 'sun/nio/fs/WindowsException'{0x0000000083e0b690}> (0x0000000083e0b690) 
thrown [./open/src/hotspot/share/prims/jni.cpp, line 578]
Event: 0.613 Thread 0x00000118e54f4510 Exception <a 'sun/nio/fs/WindowsException'{0x0000000083e0b9b0}> (0x0000000083e0b9b0) 
thrown [./open/src/hotspot/share/prims/jni.cpp, line 578]
Event: 0.613 Thread 0x00000118e54f4510 Exception <a 'sun/nio/fs/WindowsException'{0x0000000083e0d2d0}> (0x0000000083e0d2d0) 
thrown [./open/src/hotspot/share/prims/jni.cpp, line 578]
Event: 0.613 Thread 0x00000118e54f4510 Exception <a 'sun/nio/fs/WindowsException'{0x0000000083e0d5b8}> (0x0000000083e0d5b8) 
thrown [./open/src/hotspot/share/prims/jni.cpp, line 578]
Event: 0.613 Thread 0x00000118e54f4510 Exception <a 'sun/nio/fs/WindowsException'{0x0000000083e0f118}> (0x0000000083e0f118) 
thrown [./open/src/hotspot/share/prims/jni.cpp, line 578]
Event: 0.614 Thread 0x00000118e54f4510 Exception <a 'sun/nio/fs/WindowsException'{0x0000000083e0f470}> (0x0000000083e0f470) 
thrown [./open/src/hotspot/share/prims/jni.cpp, line 578]
Event: 0.616 Thread 0x00000118e54f4510 Exception <a 'sun/nio/fs/WindowsException'{0x0000000083e4aa98}> (0x0000000083e4aa98) 
thrown [./open/src/hotspot/share/prims/jni.cpp, line 578]
Event: 0.616 Thread 0x00000118e54f4510 Exception <a 'sun/nio/fs/WindowsException'{0x0000000083e4adb8}> (0x0000000083e4adb8) 
thrown [./open/src/hotspot/share/prims/jni.cpp, line 578]
Event: 0.683 Thread 0x00000118e54f4510 Exception <a 'java/lang/NoSuchMethodError'{0x000000008377c3b0}: 'void java.lang.invoke.DirectMethodHandle$Holder.invokeVirtual(java.lang.Object, java.lang.Object)'> (0x000000008377c3b0) 
thrown [./open/src/hotspot/share/interpreter/linkResolver.cpp, line 782]
Event: 0.684 Thread 0x00000118e54f4510 Exception <a 'java/lang/NoSuchMethodError'{0x00000000837823d0}: 'int java.lang.invoke.DirectMethodHandle$Holder.invokeStatic(java.lang.Object, java.lang.Object, java.lang.Object, java.lang.Object)'> (0x00000000837823d0) 
thrown [./open/src/hotspot/share/interpreter/linkResolver.cpp, line 782]
Event: 0.717 Thread 0x00000118e54f4510 Exception <a 'java/lang/NoSuchMethodError'{0x0000000083544e38}: 'int java.lang.invoke.DirectMethodHandle$Holder.invokeVirtual(java.lang.Object, java.lang.Object, java.lang.Object, java.lang.Object)'> (0x0000000083544e38) 
thrown [./open/src/hotspot/share/interpreter/linkResolver.cpp, line 782]
Event: 0.719 Thread 0x00000118e54f4510 Exception <a 'java/lang/NoSuchMethodError'{0x0000000083551188}: 'java.lang.Object java.lang.invoke.DirectMethodHandle$Holder.newInvokeSpecial(java.lang.Object, java.lang.Object, int, java.lang.Object)'> (0x0000000083551188) 
thrown [./open/src/hotspot/share/interpreter/linkResolver.cpp, line 782]
Event: 0.719 Thread 0x00000118e54f4510 Exception <a 'java/lang/NoSuchMethodError'{0x0000000083555918}: 'java.lang.Object java.lang.invoke.DirectMethodHandle$Holder.invokeSpecial(java.lang.Object, java.lang.Object, java.lang.Object, int, java.lang.Object)'> (0x0000000083555918) 
thrown [./open/src/hotspot/share/interpreter/linkResolver.cpp, line 782]

Events (20 events):
Event: 0.726 loading class java/util/EnumMap$EnumMapIterator done
Event: 0.726 loading class java/util/EnumMap$EntryIterator done
Event: 0.726 loading class java/util/EnumMap$EntryIterator$Entry
Event: 0.726 loading class java/util/EnumMap$EntryIterator$Entry done
Event: 0.737 Executing VM operation: ICBufferFull
Event: 0.738 Executing VM operation: ICBufferFull done
Event: 0.761 Executing VM operation: G1CollectForAllocation
Event: 0.767 Executing VM operation: G1CollectForAllocation done
Event: 0.805 Executing VM operation: HandshakeAllThreads
Event: 0.805 Executing VM operation: HandshakeAllThreads done
Event: 0.859 Executing VM operation: ICBufferFull
Event: 0.859 Executing VM operation: ICBufferFull done
Event: 0.892 Executing VM operation: G1CollectForAllocation
Event: 0.897 Executing VM operation: G1CollectForAllocation done
Event: 0.980 Executing VM operation: G1CollectForAllocation
Event: 0.982 Executing VM operation: G1CollectForAllocation done
Event: 0.999 loading class java/util/function/ToIntBiFunction
Event: 1.000 loading class java/util/function/ToIntBiFunction done
Event: 1.002 loading class java/nio/channels/Channels$1
Event: 1.002 loading class java/nio/channels/Channels$1 done


Dynamic libraries:
0x00007ff6c9420000 - 0x00007ff6c9428000 	F:\Run\JDK\bin\javac.exe
0x00007ff875630000 - 0x00007ff875825000 	C:\WINDOWS\SYSTEM32\ntdll.dll
0x00007ff8736d0000 - 0x00007ff87378e000 	C:\WINDOWS\System32\KERNEL32.DLL
0x00007ff8733a0000 - 0x00007ff873668000 	C:\WINDOWS\System32\KERNELBASE.dll
0x00007ff873120000 - 0x00007ff873220000 	C:\WINDOWS\System32\ucrtbase.dll
0x00007ff86d270000 - 0x00007ff86d288000 	F:\Run\JDK\bin\jli.dll
0x00007ff86ca00000 - 0x00007ff86ca19000 	F:\Run\JDK\bin\VCRUNTIME140.dll
0x00007ff8754e0000 - 0x00007ff87558e000 	C:\WINDOWS\System32\ADVAPI32.dll
0x00007ff874060000 - 0x00007ff8740fe000 	C:\WINDOWS\System32\msvcrt.dll
0x00007ff874480000 - 0x00007ff87451c000 	C:\WINDOWS\System32\sechost.dll
0x00007ff8752c0000 - 0x00007ff8753e5000 	C:\WINDOWS\System32\RPCRT4.dll
0x00007ff875110000 - 0x00007ff8752b1000 	C:\WINDOWS\System32\USER32.dll
0x00007ff872f50000 - 0x00007ff872f72000 	C:\WINDOWS\System32\win32u.dll
0x00007ff856840000 - 0x00007ff856ada000 	C:\WINDOWS\WinSxS\amd64_microsoft.windows.common-controls_6595b64144ccf1df_6.0.19041.1110_none_60b5254171f9507e\COMCTL32.dll
0x00007ff8737b0000 - 0x00007ff8737db000 	C:\WINDOWS\System32\GDI32.dll
0x00007ff873010000 - 0x00007ff87311d000 	C:\WINDOWS\System32\gdi32full.dll
0x00007ff873300000 - 0x00007ff87339d000 	C:\WINDOWS\System32\msvcp_win.dll
0x00007ff86bb30000 - 0x00007ff86bb3a000 	C:\WINDOWS\SYSTEM32\VERSION.dll
0x00007ff875400000 - 0x00007ff875430000 	C:\WINDOWS\System32\IMM32.DLL
0x00007ff86c9f0000 - 0x00007ff86c9fc000 	F:\Run\JDK\bin\vcruntime140_1.dll
0x00007ff85eed0000 - 0x00007ff85ef61000 	F:\Run\JDK\bin\msvcp140.dll
0x00007ff8251a0000 - 0x00007ff825cfe000 	F:\Run\JDK\bin\server\jvm.dll
0x00007ff874110000 - 0x00007ff874118000 	C:\WINDOWS\System32\PSAPI.DLL
0x00007ff86ca40000 - 0x00007ff86ca49000 	C:\WINDOWS\SYSTEM32\WSOCK32.dll
0x00007ff859cb0000 - 0x00007ff859cd7000 	C:\WINDOWS\SYSTEM32\WINMM.dll
0x00007ff8743b0000 - 0x00007ff87441b000 	C:\WINDOWS\System32\WS2_32.dll
0x00007ff871610000 - 0x00007ff871622000 	C:\WINDOWS\SYSTEM32\kernel.appcore.dll
0x00007ff86c9e0000 - 0x00007ff86c9ea000 	F:\Run\JDK\bin\jimage.dll
0x00007ff870b30000 - 0x00007ff870d14000 	C:\WINDOWS\SYSTEM32\DBGHELP.DLL
0x00007ff861e40000 - 0x00007ff861e6c000 	C:\WINDOWS\SYSTEM32\dbgcore.DLL
0x00007ff873270000 - 0x00007ff8732f2000 	C:\WINDOWS\System32\bcryptPrimitives.dll
0x00007ff86b740000 - 0x00007ff86b765000 	F:\Run\JDK\bin\java.dll
0x00007ff874880000 - 0x00007ff874fc4000 	C:\WINDOWS\System32\SHELL32.dll
0x00007ff870e10000 - 0x00007ff8715a5000 	C:\WINDOWS\SYSTEM32\windows.storage.dll
0x00007ff874520000 - 0x00007ff874875000 	C:\WINDOWS\System32\combase.dll
0x00007ff872790000 - 0x00007ff8727be000 	C:\WINDOWS\SYSTEM32\Wldp.dll
0x00007ff875060000 - 0x00007ff87510d000 	C:\WINDOWS\System32\SHCORE.dll
0x00007ff874420000 - 0x00007ff874475000 	C:\WINDOWS\System32\shlwapi.dll
0x00007ff872c80000 - 0x00007ff872c9f000 	C:\WINDOWS\SYSTEM32\profapi.dll
0x00007ff86b700000 - 0x00007ff86b719000 	F:\Run\JDK\bin\net.dll
0x00007ff869c30000 - 0x00007ff869d3c000 	C:\WINDOWS\SYSTEM32\WINHTTP.dll
0x00007ff8724f0000 - 0x00007ff87255a000 	C:\WINDOWS\system32\mswsock.dll
0x00007ff86b6e0000 - 0x00007ff86b6f2000 	F:\Run\JDK\bin\nio.dll
0x00007ff86b720000 - 0x00007ff86b738000 	F:\Run\JDK\bin\zip.dll

dbghelp: loaded successfully - version: 4.0.5 - missing functions: none
symbol engine: initialized successfully - sym options: 0x614 - pdb path: .;F:\Run\JDK\bin;C:\WINDOWS\SYSTEM32;C:\WINDOWS\WinSxS\amd64_microsoft.windows.common-controls_6595b64144ccf1df_6.0.19041.1110_none_60b5254171f9507e;F:\Run\JDK\bin\server

VM Arguments:
jvm_args: -Dapplication.home=F:\Run\JDK --add-modules=ALL-DEFAULT -Xms8m -Djdk.module.main=jdk.compiler 
java_command: jdk.compiler/com.sun.tools.javac.Main -d E:\4th Semester\Java OOP\University Dormitory Management\build\classes -classpath E:\4th Semester\Java OOP\University Dormitory Management\build\classes;E:\4th Semester\Java OOP\java\RSCalendar.jar;E:\4th Semester\Java OOP\java\jcalendar-1.4\lib\jcalendar-1.4.jar;E:\4th Semester\Java OOP\java\mysql-connector-java-8.0.26\mysql-connector-java-8.0.26.jar;F:\Download all\Download all\netbeans\java\modules\ext\AbsoluteLayout.jar -sourcepath E:\4th Semester\Java OOP\University Dormitory Management\src -target 15 -encoding UTF-8 -g -processorpath E:\4th Semester\Java OOP\java\RSCalendar.jar;E:\4th Semester\Java OOP\java\jcalendar-1.4\lib\jcalendar-1.4.jar;E:\4th Semester\Java OOP\java\mysql-connector-java-8.0.26\mysql-connector-java-8.0.26.jar;F:\Download all\Download all\netbeans\java\modules\ext\AbsoluteLayout.jar;E:\4th Semester\Java OOP\University Dormitory Management\build\empty -s E:\4th Semester\Java OOP\University Dormitory Management\build\generated-sources\ap-source-output -source 15 E:\4th Semester\Java OOP\University Dormitory Management\src\Test.java
java_class_path (initial): <not set>
Launcher Type: SUN_STANDARD

[Global flags]
     intx CICompilerCount                          = 4                                         {product} {ergonomic}
     uint ConcGCThreads                            = 2                                         {product} {ergonomic}
     uint G1ConcRefinementThreads                  = 8                                         {product} {ergonomic}
   size_t G1HeapRegionSize                         = 1048576                                   {product} {ergonomic}
    uintx GCDrainStackTargetSize                   = 64                                        {product} {ergonomic}
   size_t InitialHeapSize                          = 8388608                                   {product} {command line}
   size_t MarkStackSize                            = 4194304                                   {product} {ergonomic}
   size_t MaxHeapSize                              = 2113929216                                {product} {ergonomic}
   size_t MaxNewSize                               = 1267728384                                {product} {ergonomic}
   size_t MinHeapDeltaBytes                        = 1048576                                   {product} {ergonomic}
   size_t MinHeapSize                              = 8388608                                   {product} {command line}
    uintx NonNMethodCodeHeapSize                   = 5839372                                {pd product} {ergonomic}
    uintx NonProfiledCodeHeapSize                  = 122909434                              {pd product} {ergonomic}
    uintx ProfiledCodeHeapSize                     = 122909434                              {pd product} {ergonomic}
    uintx ReservedCodeCacheSize                    = 251658240                              {pd product} {ergonomic}
     bool SegmentedCodeCache                       = true                                      {product} {ergonomic}
   size_t SoftMaxHeapSize                          = 2113929216                             {manageable} {ergonomic}
     bool UseCompressedClassPointers               = true                                 {lp64_product} {ergonomic}
     bool UseCompressedOops                        = true                                 {lp64_product} {ergonomic}
     bool UseG1GC                                  = true                                      {product} {ergonomic}
     bool UseLargePagesIndividualAllocation        = false                                  {pd product} {ergonomic}

Logging:
Log output configuration:
 #0: stdout all=warning uptime,level,tags
 #1: stderr all=off uptime,level,tags

Environment Variables:
JAVA_HOME=F:\Run\JDK
PATH=C:\Program Files\Common Files\Oracle\Java\javapath;C:\Program Files (x86)\VMware\VMware Workstation\bin\;C:\Windows\system32;C:\Windows;C:\Windows\System32\Wbem;C:\Windows\System32\WindowsPowerShell\v1.0\;C:\Windows\System32\OpenSSH\;C:\Program Files (x86)\NVIDIA Corporation\PhysX\Common;C:\Program Files\Java\jdk-15.0.2\bin;F:\Run\python;C:\WINDOWS\system32;C:\WINDOWS;C:\WINDOWS\System32\Wbem;C:\WINDOWS\System32\WindowsPowerShell\v1.0\;C:\WINDOWS\System32\OpenSSH\;C:\Program Files\NVIDIA Corporation\NVIDIA NvDLISR;F:\Run\git run\Git\cmd;C:\Program Files\Graphviz\bin;C:\hadoop-3.3.1\bin;C:\hadoop-3.3.1\sbin;F:\Run\JDK\bin;C:\Program Files\MySQL\MySQL Shell 8.0\bin\;C:\Users\Userr\AppData\Local\Microsoft\WindowsApps;F:\Run\pycharm\PyCharm Community Edition 2020.3.5\bin;;C:\Program Files (x86)\Inno Setup 6;;F:\Run\VS code\Microsoft VS Code\bin;F:\Run\Intellij\IntelliJ IDEA Community Edition 2021.3.1\bin;
USERNAME=Userr
OS=Windows_NT
PROCESSOR_IDENTIFIER=Intel64 Family 6 Model 142 Stepping 12, GenuineIntel



---------------  S Y S T E M  ---------------

OS:
 Windows 10 , 64 bit Build 19041 (10.0.19041.1466)
OS uptime: 0 days 9:19 hours

CPU: total 8 (initial active 8) (4 cores per cpu, 2 threads per core) family 6 model 142 stepping 12 microcode 0xb8, cmov, cx8, fxsr, mmx, sse, sse2, sse3, ssse3, sse4.1, sse4.2, popcnt, vzeroupper, avx, avx2, aes, clmul, erms, 3dnowpref, lzcnt, ht, tsc, tscinvbit, bmi1, bmi2, adx, fma, clflush, clflushopt

Memory: 4k page, system-wide physical 8062M (508M free)
TotalPageFile size 23153M (AvailPageFile size 3M)
current process WorkingSet (physical memory assigned to process): 121M, peak: 121M
current process commit charge ("private bytes"): 159M, peak: 161M

vm_info: Java HotSpot(TM) 64-Bit Server VM (15.0.2+7-27) for windows-amd64 JRE (15.0.2+7-27), built on Dec  7 2020 20:07:01 by "mach5one" with unknown MS VC++:1925

END.
