#
# There is insufficient memory for the Java Runtime Environment to continue.
# Native memory allocation (malloc) failed to allocate 284096 bytes for Chunk::new
# Possible reasons:
#   The system is out of physical RAM or swap space
#   The process is running with CompressedOops enabled, and the Java Heap may be blocking the growth of the native heap
# Possible solutions:
#   Reduce memory load on the system
#   Increase physical memory or swap space
#   Check if swap backing store is full
#   Decrease Java heap size (-Xmx/-Xms)
#   Decrease number of Java threads
#   Decrease Java thread stack sizes (-Xss)
#   Set larger code cache with -XX:ReservedCodeCacheSize=
#   JVM is running with Unscaled Compressed Oops mode in which the Java heap is
#     placed in the first 4GB address space. The Java Heap base address is the
#     maximum limit for the native heap growth. Please use -XX:HeapBaseMinAddress
#     to set the Java Heap base and to place the Java Heap above 4GB virtual address.
# This output file may be truncated or incomplete.
#
#  Out of Memory Error (./open/src/hotspot/share/memory/arena.cpp:195), pid=20652, tid=12692
#
# JRE version: Java(TM) SE Runtime Environment (15.0.2+7) (build 15.0.2+7-27)
# Java VM: Java HotSpot(TM) 64-Bit Server VM (15.0.2+7-27, mixed mode, sharing, tiered, compressed oops, g1 gc, windows-amd64)
# No core dump will be written. Minidumps are not enabled by default on client versions of Windows
#

---------------  S U M M A R Y ------------

Command Line: -Dapplication.home=F:\Run\JDK --add-modules=ALL-DEFAULT -Xms8m -Djdk.module.main=jdk.compiler jdk.compiler/com.sun.tools.javac.Main -d E:\4th Semester\Java OOP\University Dormitory Management\build\classes -classpath E:\4th Semester\Java OOP\University Dormitory Management\build\classes;E:\4th Semester\Java OOP\java\RSCalendar.jar;E:\4th Semester\Java OOP\java\jcalendar-1.4\lib\jcalendar-1.4.jar;E:\4th Semester\Java OOP\java\mysql-connector-java-8.0.26\mysql-connector-java-8.0.26.jar;F:\Download all\Download all\netbeans\java\modules\ext\AbsoluteLayout.jar -sourcepath E:\4th Semester\Java OOP\University Dormitory Management\src -target 15 -encoding UTF-8 -g -processorpath E:\4th Semester\Java OOP\java\RSCalendar.jar;E:\4th Semester\Java OOP\java\jcalendar-1.4\lib\jcalendar-1.4.jar;E:\4th Semester\Java OOP\java\mysql-connector-java-8.0.26\mysql-connector-java-8.0.26.jar;F:\Download all\Download all\netbeans\java\modules\ext\AbsoluteLayout.jar;E:\4th Semester\Java OOP\University Dormitory Management\build\empty -s E:\4th Semester\Java OOP\University Dormitory Management\build\generated-sources\ap-source-output -source 15 E:\4th Semester\Java OOP\University Dormitory Management\src\Test.java

Host: Intel(R) Core(TM) i5-8265U CPU @ 1.60GHz, 8 cores, 7G,  Windows 10 , 64 bit Build 19041 (10.0.19041.1466)
Time: Sun Jan 30 01:13:58 2022 Bangladesh Standard Time elapsed time: 0.863692 seconds (0d 0h 0m 0s)

---------------  T H R E A D  ---------------

Current thread (0x000001e2247f61d0):  JavaThread "C2 CompilerThread1" daemon [_thread_in_native, id=12692, stack(0x000000663e300000,0x000000663e400000)]


Current CompileTask:
C2:    863 1802       4       com.sun.tools.javac.code.Scope$ScopeImpl::enter (108 bytes)

Stack: [0x000000663e300000,0x000000663e400000]
Native frames: (J=compiled Java code, j=interpreted, Vv=VM code, C=native code)
V  [jvm.dll+0x62ae9a]
V  [jvm.dll+0x7817a9]
V  [jvm.dll+0x782f03]
V  [jvm.dll+0x783563]
V  [jvm.dll+0x216325]
V  [jvm.dll+0x97f3a]
V  [jvm.dll+0x9861c]
V  [jvm.dll+0x279f9f]
V  [jvm.dll+0x540794]
V  [jvm.dll+0x1f3124]
V  [jvm.dll+0x1ecaf1]
V  [jvm.dll+0x1e9867]
V  [jvm.dll+0x178567]
V  [jvm.dll+0x1f9225]
V  [jvm.dll+0x1f72cc]
V  [jvm.dll+0x74495d]
V  [jvm.dll+0x73d75a]
V  [jvm.dll+0x629c56]
C  [ucrtbase.dll+0x21bb2]
C  [KERNEL32.DLL+0x17034]
C  [ntdll.dll+0x52651]


---------------  P R O C E S S  ---------------

Threads class SMR info:
_java_thread_list=0x000001e22466ae20, length=12, elements={
0x000001e202d63990, 0x000001e202e3ea70, 0x000001e2237255d0, 0x000001e22373ee20,
0x000001e2237416f0, 0x000001e223742fc0, 0x000001e223743d60, 0x000001e2237502e0,
0x000001e223758bf0, 0x000001e224172910, 0x000001e2241ca720, 0x000001e2247f61d0
}

Java Threads: ( => current thread )
  0x000001e202d63990 JavaThread "main" [_thread_blocked, id=20160, stack(0x000000663d000000,0x000000663d100000)]
  0x000001e202e3ea70 JavaThread "Reference Handler" daemon [_thread_blocked, id=19056, stack(0x000000663d700000,0x000000663d800000)]
  0x000001e2237255d0 JavaThread "Finalizer" daemon [_thread_blocked, id=17904, stack(0x000000663d800000,0x000000663d900000)]
  0x000001e22373ee20 JavaThread "Signal Dispatcher" daemon [_thread_blocked, id=18612, stack(0x000000663d900000,0x000000663da00000)]
  0x000001e2237416f0 JavaThread "Attach Listener" daemon [_thread_blocked, id=9200, stack(0x000000663da00000,0x000000663db00000)]
  0x000001e223742fc0 JavaThread "Service Thread" daemon [_thread_blocked, id=18620, stack(0x000000663db00000,0x000000663dc00000)]
  0x000001e223743d60 JavaThread "C2 CompilerThread0" daemon [_thread_in_native, id=14564, stack(0x000000663dc00000,0x000000663dd00000)]
  0x000001e2237502e0 JavaThread "C1 CompilerThread0" daemon [_thread_in_native, id=14744, stack(0x000000663dd00000,0x000000663de00000)]
  0x000001e223758bf0 JavaThread "Sweeper thread" daemon [_thread_blocked, id=18064, stack(0x000000663de00000,0x000000663df00000)]
  0x000001e224172910 JavaThread "Common-Cleaner" daemon [_thread_blocked, id=21992, stack(0x000000663df00000,0x000000663e000000)]
  0x000001e2241ca720 JavaThread "Notification Thread" daemon [_thread_blocked, id=21944, stack(0x000000663e000000,0x000000663e100000)]
=>0x000001e2247f61d0 JavaThread "C2 CompilerThread1" daemon [_thread_in_native, id=12692, stack(0x000000663e300000,0x000000663e400000)]

Other Threads:
  0x000001e202e3e2f0 VMThread "VM Thread" [stack: 0x000000663d600000,0x000000663d700000] [id=18564]
  0x000001e2241cabf0 WatcherThread [stack: 0x000000663e100000,0x000000663e200000] [id=20096]
  0x000001e202da2580 GCTaskThread "GC Thread#0" [stack: 0x000000663d100000,0x000000663d200000] [id=17088]
  0x000001e224230120 GCTaskThread "GC Thread#1" [stack: 0x000000663e200000,0x000000663e300000] [id=17296]
  0x000001e202db3360 ConcurrentGCThread "G1 Main Marker" [stack: 0x000000663d200000,0x000000663d300000] [id=18904]
  0x000001e202db3ee0 ConcurrentGCThread "G1 Conc#0" [stack: 0x000000663d300000,0x000000663d400000] [id=21028]
  0x000001e22422d7b0 ConcurrentGCThread "G1 Conc#1" [stack: 0x000000663e400000,0x000000663e500000] [id=21472]
  0x000001e202e140c0 ConcurrentGCThread "G1 Refine#0" [stack: 0x000000663d400000,0x000000663d500000] [id=17920]
  0x000001e202e15b00 ConcurrentGCThread "G1 Young RemSet Sampling" [stack: 0x000000663d500000,0x000000663d600000] [id=22284]

Threads with active compile tasks:
C2 CompilerThread0     1052 1541   !   4       com.sun.tools.javac.jvm.ClassReader::classSigToType (497 bytes)
C1 CompilerThread0     1052 2121       2       com.sun.tools.javac.code.Types$4::visitType (269 bytes)
C2 CompilerThread1     1052 1802       4       com.sun.tools.javac.code.Scope$ScopeImpl::enter (108 bytes)

VM state: at safepoint (normal execution)

VM Mutex/Monitor currently owned by a thread:  ([mutex/lock_event])
[0x000001e202d5ed70] Threads_lock - owner thread: 0x000001e202e3e2f0
[0x000001e202d5e6b0] Heap_lock - owner thread: 0x000001e202d63990

Heap address: 0x0000000082000000, size: 2016 MB, Compressed Oops mode: 32-bit
CDS archive(s) mapped at: [0x0000000800000000-0x0000000800b50000-0x0000000800b50000), size 11862016, SharedBaseAddress: 0x0000000800000000, ArchiveRelocationMode: 0.
Compressed class space mapped at: 0x0000000800b50000-0x0000000840b50000, size: 1073741824
Narrow klass base: 0x0000000800000000, Narrow klass shift: 3, Narrow klass range: 0x100000000

GC Precious Log:
 CPUs: 8 total, 8 available
 Memory: 8062M
 Large Page Support: Disabled
 NUMA Support: Disabled
 Compressed Oops: Enabled (32-bit)
 Heap Region Size: 1M
 Heap Min Capacity: 8M
 Heap Initial Capacity: 8M
 Heap Max Capacity: 2016M
 Pre-touch: Disabled
 Parallel Workers: 8
 Concurrent Workers: 2
 Concurrent Refinement Workers: 8
 Periodic GC: Disabled

Heap:
 garbage-first heap   total 33792K, used 20694K [0x0000000082000000, 0x0000000100000000)
  region size 1024K, 11 young (11264K), 2 survivors (2048K)
 Metaspace       used 10858K, capacity 12867K, committed 13056K, reserved 1060864K
  class space    used 1215K, capacity 1434K, committed 1536K, reserved 1048576K

Heap Regions: E=young(eden), S=young(survivor), O=old, HS=humongous(starts), HC=humongous(continues), CS=collection set, F=free, OA=open archive, CA=closed archive, TAMS=top-at-mark-start (previous, next)
|   0|0x0000000082000000, 0x0000000082100000, 0x0000000082100000|100%| O|  |TAMS 0x0000000082100000, 0x0000000082000000| Untracked 
|   1|0x0000000082100000, 0x0000000082200000, 0x0000000082200000|100%| O|  |TAMS 0x0000000082200000, 0x0000000082100000| Untracked 
|   2|0x0000000082200000, 0x0000000082300000, 0x0000000082300000|100%| O|  |TAMS 0x0000000082300000, 0x0000000082200000| Untracked 
|   3|0x0000000082300000, 0x0000000082400000, 0x0000000082400000|100%| O|  |TAMS 0x0000000082400000, 0x0000000082300000| Untracked 
|   4|0x0000000082400000, 0x0000000082500000, 0x0000000082500000|100%| O|  |TAMS 0x0000000082426600, 0x0000000082400000| Untracked 
|   5|0x0000000082500000, 0x0000000082600000, 0x0000000082600000|100%| O|  |TAMS 0x0000000082500000, 0x0000000082500000| Untracked 
|   6|0x0000000082600000, 0x0000000082700000, 0x0000000082700000|100%| O|  |TAMS 0x0000000082600000, 0x0000000082600000| Untracked 
|   7|0x0000000082700000, 0x0000000082800000, 0x0000000082800000|100%| O|  |TAMS 0x0000000082700000, 0x0000000082700000| Untracked 
|   8|0x0000000082800000, 0x0000000082900000, 0x0000000082900000|100%|HS|  |TAMS 0x0000000082800000, 0x0000000082800000| Complete 
|   9|0x0000000082900000, 0x0000000082a00000, 0x0000000082a00000|100%| O|  |TAMS 0x0000000082900000, 0x0000000082900000| Untracked 
|  10|0x0000000082a00000, 0x0000000082b00000, 0x0000000082b00000|100%| O|  |TAMS 0x0000000082a00000, 0x0000000082a00000| Untracked 
|  11|0x0000000082b00000, 0x0000000082b58840, 0x0000000082c00000| 34%| O|  |TAMS 0x0000000082b00000, 0x0000000082b00000| Untracked 
|  12|0x0000000082c00000, 0x0000000082c00000, 0x0000000082d00000|  0%| F|  |TAMS 0x0000000082c00000, 0x0000000082c00000| Untracked 
|  13|0x0000000082d00000, 0x0000000082d00000, 0x0000000082e00000|  0%| F|  |TAMS 0x0000000082d00000, 0x0000000082d00000| Untracked 
|  14|0x0000000082e00000, 0x0000000082e00000, 0x0000000082f00000|  0%| F|  |TAMS 0x0000000082e00000, 0x0000000082e00000| Untracked 
|  15|0x0000000082f00000, 0x0000000082f00000, 0x0000000083000000|  0%| F|  |TAMS 0x0000000082f00000, 0x0000000082f00000| Untracked 
|  16|0x0000000083000000, 0x0000000083000000, 0x0000000083100000|  0%| F|  |TAMS 0x0000000083000000, 0x0000000083000000| Untracked 
|  17|0x0000000083100000, 0x0000000083100000, 0x0000000083200000|  0%| F|  |TAMS 0x0000000083100000, 0x0000000083100000| Untracked 
|  18|0x0000000083200000, 0x0000000083200000, 0x0000000083300000|  0%| F|  |TAMS 0x0000000083200000, 0x0000000083200000| Untracked 
|  19|0x0000000083300000, 0x0000000083400000, 0x0000000083400000|100%| E|CS|TAMS 0x0000000083300000, 0x0000000083300000| Complete 
|  20|0x0000000083400000, 0x0000000083500000, 0x0000000083500000|100%| E|CS|TAMS 0x0000000083400000, 0x0000000083400000| Complete 
|  21|0x0000000083500000, 0x0000000083500000, 0x0000000083600000|  0%| F|  |TAMS 0x0000000083500000, 0x0000000083500000| Untracked 
|  22|0x0000000083600000, 0x0000000083674df0, 0x0000000083700000| 45%| S|  |TAMS 0x0000000083600000, 0x0000000083600000| Complete 
|  23|0x0000000083700000, 0x0000000083800000, 0x0000000083800000|100%| S|  |TAMS 0x0000000083700000, 0x0000000083700000| Complete 
|  24|0x0000000083800000, 0x0000000083900000, 0x0000000083900000|100%| E|CS|TAMS 0x0000000083800000, 0x0000000083800000| Complete 
|  25|0x0000000083900000, 0x0000000083a00000, 0x0000000083a00000|100%| E|CS|TAMS 0x0000000083900000, 0x0000000083900000| Complete 
|  26|0x0000000083a00000, 0x0000000083b00000, 0x0000000083b00000|100%| E|CS|TAMS 0x0000000083a00000, 0x0000000083a00000| Complete 
|  27|0x0000000083b00000, 0x0000000083c00000, 0x0000000083c00000|100%| E|CS|TAMS 0x0000000083b00000, 0x0000000083b00000| Complete 
|  28|0x0000000083c00000, 0x0000000083d00000, 0x0000000083d00000|100%| E|CS|TAMS 0x0000000083c00000, 0x0000000083c00000| Complete 
|  29|0x0000000083d00000, 0x0000000083e00000, 0x0000000083e00000|100%| E|CS|TAMS 0x0000000083d00000, 0x0000000083d00000| Complete 
|  30|0x0000000083e00000, 0x0000000083f00000, 0x0000000083f00000|100%| E|CS|TAMS 0x0000000083e00000, 0x0000000083e00000| Complete 
|  31|0x0000000083f00000, 0x0000000084000000, 0x0000000084000000|100%| E|CS|TAMS 0x0000000083f00000, 0x0000000083f00000| Complete 
|  32|0x0000000084000000, 0x0000000084100000, 0x0000000084100000|100%| E|CS|TAMS 0x0000000084000000, 0x0000000084000000| Complete 

Card table byte_map: [0x000001e21c5d0000,0x000001e21c9c0000] _byte_map_base: 0x000001e21c1c0000

Marking Bits (Prev, Next): (CMBitMap*) 0x000001e202da2d40, (CMBitMap*) 0x000001e202da2d00
 Prev Bits: [0x000001e21ed30000, 0x000001e220cb0000)
 Next Bits: [0x000001e21cdb0000, 0x000001e21ed30000)

Polling page: 0x000001e202e40000

Metaspace:

Usage:
  Non-class:     11.17 MB capacity,     9.42 MB ( 84%) used,     1.74 MB ( 16%) free+waste,    12.75 KB ( <1%) overhead. 
      Class:      1.40 MB capacity,     1.19 MB ( 85%) used,   213.77 KB ( 15%) free+waste,     5.12 KB ( <1%) overhead. 
       Both:     12.57 MB capacity,    10.60 MB ( 84%) used,     1.94 MB ( 15%) free+waste,    17.88 KB ( <1%) overhead. 

Virtual space:
  Non-class space:       12.00 MB reserved,      11.25 MB ( 94%) committed 
      Class space:        1.00 GB reserved,       1.50 MB ( <1%) committed 
             Both:        1.01 GB reserved,      12.75 MB (  1%) committed 

Chunk freelists:
   Non-Class:  23.00 KB
       Class:  6.00 KB
        Both:  29.00 KB

MaxMetaspaceSize: 17179869184.00 GB
CompressedClassSpaceSize: 1.00 GB

CodeHeap 'non-profiled nmethods': size=120000Kb used=644Kb max_used=644Kb free=119355Kb
 bounds [0x000001e214240000, 0x000001e2144b0000, 0x000001e21b770000]
CodeHeap 'profiled nmethods': size=120000Kb used=4281Kb max_used=4281Kb free=115718Kb
 bounds [0x000001e20cd10000, 0x000001e20d140000, 0x000001e214240000]
CodeHeap 'non-nmethods': size=5760Kb used=1167Kb max_used=1197Kb free=4592Kb
 bounds [0x000001e20c770000, 0x000001e20c9e0000, 0x000001e20cd10000]
 total_blobs=2522 nmethods=2100 adapters=333
 compilation: enabled
              stopped_count=0, restarted_count=0
 full_count=0

Compilation events (20 events):
Event: 0.788 Thread 0x000001e2237502e0 nmethod 2093 0x000001e20d136010 code [0x000001e20d1361a0, 0x000001e20d1362c8]
Event: 0.788 Thread 0x000001e2237502e0 2090       2       com.sun.tools.javac.tree.JCTree$JCModifiers::accept (6 bytes)
Event: 0.789 Thread 0x000001e2237502e0 nmethod 2090 0x000001e20d136390 code [0x000001e20d136520, 0x000001e20d136648]
Event: 0.789 Thread 0x000001e2237502e0 2091       2       com.sun.tools.javac.tree.TreeScanner::visitModifiers (9 bytes)
Event: 0.789 Thread 0x000001e2237502e0 nmethod 2091 0x000001e20d136710 code [0x000001e20d1368c0, 0x000001e20d136ac8]
Event: 0.789 Thread 0x000001e2237502e0 2087       2       com.sun.tools.javac.comp.Check$Validator::visitSelect (68 bytes)
Event: 0.789 Thread 0x000001e2237502e0 nmethod 2087 0x000001e20d136c10 code [0x000001e20d136e00, 0x000001e20d137108]
Event: 0.789 Thread 0x000001e2237502e0 2094       1       com.sun.tools.javac.code.Type::isParameterized (2 bytes)
Event: 0.789 Thread 0x000001e2237502e0 nmethod 2094 0x000001e2142e0b90 code [0x000001e2142e0d20, 0x000001e2142e0dd8]
Event: 0.789 Thread 0x000001e2237502e0 2095       2       com.sun.tools.javac.code.Symbol$MethodSymbol::isInheritedIn (72 bytes)
Event: 0.790 Thread 0x000001e2237502e0 nmethod 2095 0x000001e20d137390 code [0x000001e20d137540, 0x000001e20d137738]
Event: 0.790 Thread 0x000001e2237502e0 2096       2       com.sun.tools.javac.comp.Attr::attribStat (34 bytes)
Event: 0.790 Thread 0x000001e2237502e0 nmethod 2096 0x000001e20d137890 code [0x000001e20d137a40, 0x000001e20d137c48]
Event: 0.790 Thread 0x000001e2237502e0 2097       2       com.sun.tools.javac.comp.Analyzer::copyEnvIfNeeded (161 bytes)
Event: 0.791 Thread 0x000001e2237502e0 nmethod 2097 0x000001e20d137e10 code [0x000001e20d138060, 0x000001e20d138798]
Event: 0.791 Thread 0x000001e2237502e0 2098       2       com.sun.tools.javac.comp.Resolve::accessBase (16 bytes)
Event: 0.791 Thread 0x000001e2237502e0 nmethod 2098 0x000001e20d138c90 code [0x000001e20d138e20, 0x000001e20d138f48]
Event: 0.791 Thread 0x000001e2237502e0 2101       2       com.sun.tools.javac.util.Warner::hasNonSilentLint (9 bytes)
Event: 0.791 Thread 0x000001e2237502e0 nmethod 2101 0x000001e20d139010 code [0x000001e20d1391a0, 0x000001e20d1392c8]
Event: 0.791 Thread 0x000001e2237502e0 2099       2       com.sun.tools.javac.code.Type$ForAll::<init> (17 bytes)

GC Heap History (20 events):
Event: 0.303 GC heap before
{Heap before GC invocations=4 (full 0):
 garbage-first heap   total 8192K, used 3232K [0x0000000082000000, 0x0000000100000000)
  region size 1024K, 2 young (2048K), 1 survivors (1024K)
 Metaspace       used 7774K, capacity 10854K, committed 11008K, reserved 1058816K
  class space    used 899K, capacity 1190K, committed 1280K, reserved 1048576K
}
Event: 0.305 GC heap after
{Heap after GC invocations=5 (full 0):
 garbage-first heap   total 11264K, used 2796K [0x0000000082000000, 0x0000000100000000)
  region size 1024K, 1 young (1024K), 1 survivors (1024K)
 Metaspace       used 7774K, capacity 10854K, committed 11008K, reserved 1058816K
  class space    used 899K, capacity 1190K, committed 1280K, reserved 1048576K
}
Event: 0.351 GC heap before
{Heap before GC invocations=5 (full 0):
 garbage-first heap   total 11264K, used 3820K [0x0000000082000000, 0x0000000100000000)
  region size 1024K, 3 young (3072K), 1 survivors (1024K)
 Metaspace       used 8179K, capacity 11055K, committed 11264K, reserved 1058816K
  class space    used 929K, capacity 1193K, committed 1280K, reserved 1048576K
}
Event: 0.355 GC heap after
{Heap after GC invocations=6 (full 0):
 garbage-first heap   total 11264K, used 3240K [0x0000000082000000, 0x0000000100000000)
  region size 1024K, 1 young (1024K), 1 survivors (1024K)
 Metaspace       used 8179K, capacity 11055K, committed 11264K, reserved 1058816K
  class space    used 929K, capacity 1193K, committed 1280K, reserved 1048576K
}
Event: 0.396 GC heap before
{Heap before GC invocations=6 (full 0):
 garbage-first heap   total 11264K, used 5288K [0x0000000082000000, 0x0000000100000000)
  region size 1024K, 3 young (3072K), 1 survivors (1024K)
 Metaspace       used 8714K, capacity 11387K, committed 11520K, reserved 1058816K
  class space    used 1002K, capacity 1261K, committed 1280K, reserved 1048576K
}
Event: 0.399 GC heap after
{Heap after GC invocations=7 (full 0):
 garbage-first heap   total 11264K, used 4233K [0x0000000082000000, 0x0000000100000000)
  region size 1024K, 1 young (1024K), 1 survivors (1024K)
 Metaspace       used 8714K, capacity 11387K, committed 11520K, reserved 1058816K
  class space    used 1002K, capacity 1261K, committed 1280K, reserved 1048576K
}
Event: 0.420 GC heap before
{Heap before GC invocations=7 (full 0):
 garbage-first heap   total 11264K, used 5257K [0x0000000082000000, 0x0000000100000000)
  region size 1024K, 2 young (2048K), 1 survivors (1024K)
 Metaspace       used 8852K, capacity 11451K, committed 11520K, reserved 1058816K
  class space    used 1017K, capacity 1261K, committed 1280K, reserved 1048576K
}
Event: 0.422 GC heap after
{Heap after GC invocations=8 (full 0):
 garbage-first heap   total 11264K, used 4876K [0x0000000082000000, 0x0000000100000000)
  region size 1024K, 1 young (1024K), 1 survivors (1024K)
 Metaspace       used 8852K, capacity 11451K, committed 11520K, reserved 1058816K
  class space    used 1017K, capacity 1261K, committed 1280K, reserved 1048576K
}
Event: 0.445 GC heap before
{Heap before GC invocations=8 (full 0):
 garbage-first heap   total 11264K, used 5900K [0x0000000082000000, 0x0000000100000000)
  region size 1024K, 2 young (2048K), 1 survivors (1024K)
 Metaspace       used 8982K, capacity 11454K, committed 11520K, reserved 1058816K
  class space    used 1024K, capacity 1262K, committed 1280K, reserved 1048576K
}
Event: 0.447 GC heap after
{Heap after GC invocations=9 (full 0):
 garbage-first heap   total 19456K, used 5090K [0x0000000082000000, 0x0000000100000000)
  region size 1024K, 1 young (1024K), 1 survivors (1024K)
 Metaspace       used 8982K, capacity 11454K, committed 11520K, reserved 1058816K
  class space    used 1024K, capacity 1262K, committed 1280K, reserved 1048576K
}
Event: 0.490 GC heap before
{Heap before GC invocations=10 (full 0):
 garbage-first heap   total 19456K, used 10210K [0x0000000082000000, 0x0000000100000000)
  region size 1024K, 6 young (6144K), 1 survivors (1024K)
 Metaspace       used 9211K, capacity 11521K, committed 11776K, reserved 1060864K
  class space    used 1043K, capacity 1263K, committed 1280K, reserved 1048576K
}
Event: 0.492 GC heap after
{Heap after GC invocations=11 (full 0):
 garbage-first heap   total 19456K, used 5705K [0x0000000082000000, 0x0000000100000000)
  region size 1024K, 1 young (1024K), 1 survivors (1024K)
 Metaspace       used 9211K, capacity 11521K, committed 11776K, reserved 1060864K
  class space    used 1043K, capacity 1263K, committed 1280K, reserved 1048576K
}
Event: 0.524 GC heap before
{Heap before GC invocations=11 (full 0):
 garbage-first heap   total 19456K, used 10825K [0x0000000082000000, 0x0000000100000000)
  region size 1024K, 6 young (6144K), 1 survivors (1024K)
 Metaspace       used 9397K, capacity 11687K, committed 11904K, reserved 1060864K
  class space    used 1061K, capacity 1297K, committed 1408K, reserved 1048576K
}
Event: 0.527 GC heap after
{Heap after GC invocations=12 (full 0):
 garbage-first heap   total 19456K, used 6648K [0x0000000082000000, 0x0000000100000000)
  region size 1024K, 1 young (1024K), 1 survivors (1024K)
 Metaspace       used 9397K, capacity 11687K, committed 11904K, reserved 1060864K
  class space    used 1061K, capacity 1297K, committed 1408K, reserved 1048576K
}
Event: 0.539 GC heap before
{Heap before GC invocations=12 (full 0):
 garbage-first heap   total 19456K, used 10744K [0x0000000082000000, 0x0000000100000000)
  region size 1024K, 6 young (6144K), 1 survivors (1024K)
 Metaspace       used 9417K, capacity 11687K, committed 11904K, reserved 1060864K
  class space    used 1061K, capacity 1297K, committed 1408K, reserved 1048576K
}
Event: 0.543 GC heap after
{Heap after GC invocations=13 (full 0):
 garbage-first heap   total 19456K, used 7423K [0x0000000082000000, 0x0000000100000000)
  region size 1024K, 1 young (1024K), 1 survivors (1024K)
 Metaspace       used 9417K, capacity 11687K, committed 11904K, reserved 1060864K
  class space    used 1061K, capacity 1297K, committed 1408K, reserved 1048576K
}
Event: 0.554 GC heap before
{Heap before GC invocations=13 (full 0):
 garbage-first heap   total 19456K, used 12543K [0x0000000082000000, 0x0000000100000000)
  region size 1024K, 6 young (6144K), 1 survivors (1024K)
 Metaspace       used 9423K, capacity 11751K, committed 11904K, reserved 1060864K
  class space    used 1061K, capacity 1297K, committed 1408K, reserved 1048576K
}
Event: 0.556 GC heap after
{Heap after GC invocations=14 (full 0):
 garbage-first heap   total 33792K, used 8331K [0x0000000082000000, 0x0000000100000000)
  region size 1024K, 1 young (1024K), 1 survivors (1024K)
 Metaspace       used 9423K, capacity 11751K, committed 11904K, reserved 1060864K
  class space    used 1061K, capacity 1297K, committed 1408K, reserved 1048576K
}
Event: 0.653 GC heap before
{Heap before GC invocations=14 (full 0):
 garbage-first heap   total 33792K, used 21643K [0x0000000082000000, 0x0000000100000000)
  region size 1024K, 13 young (13312K), 1 survivors (1024K)
 Metaspace       used 10088K, capacity 12235K, committed 12416K, reserved 1060864K
  class space    used 1122K, capacity 1330K, committed 1408K, reserved 1048576K
}
Event: 0.660 GC heap after
{Heap after GC invocations=15 (full 0):
 garbage-first heap   total 33792K, used 11478K [0x0000000082000000, 0x0000000100000000)
  region size 1024K, 2 young (2048K), 2 survivors (2048K)
 Metaspace       used 10088K, capacity 12235K, committed 12416K, reserved 1060864K
  class space    used 1122K, capacity 1330K, committed 1408K, reserved 1048576K
}

Deoptimization events (20 events):
Event: 0.574 Thread 0x000001e202d63990 Uncommon trap: trap_request=0xffffff45 fr.pc=0x000001e2142829c4 relative=0x0000000000000044
Event: 0.574 Thread 0x000001e202d63990 Uncommon trap: reason=unstable_if action=reinterpret pc=0x000001e2142829c4 method=com.sun.tools.javac.util.ArrayUtils.ensureCapacity([BI)[B @ 3 c2
Event: 0.574 Thread 0x000001e202d63990 DEOPT PACKING pc=0x000001e2142829c4 sp=0x000000663d0fdee0
Event: 0.574 Thread 0x000001e202d63990 DEOPT UNPACKING pc=0x000001e20c7be42f sp=0x000000663d0fde68 mode 2
Event: 0.597 Thread 0x000001e202d63990 Uncommon trap: trap_request=0xffffffc6 fr.pc=0x000001e2142a0eac relative=0x00000000000004ec
Event: 0.597 Thread 0x000001e202d63990 Uncommon trap: reason=bimorphic_or_optimized_type_check action=maybe_recompile pc=0x000001e2142a0eac method=java.util.HashMap.getNode(Ljava/lang/Object;)Ljava/util/HashMap$Node; @ 128 c2
Event: 0.597 Thread 0x000001e202d63990 DEOPT PACKING pc=0x000001e2142a0eac sp=0x000000663d0fd7f0
Event: 0.597 Thread 0x000001e202d63990 DEOPT UNPACKING pc=0x000001e20c7be42f sp=0x000000663d0fd708 mode 2
Event: 0.598 Thread 0x000001e202d63990 Uncommon trap: trap_request=0xffffffc6 fr.pc=0x000001e2142a0eac relative=0x00000000000004ec
Event: 0.598 Thread 0x000001e202d63990 Uncommon trap: reason=bimorphic_or_optimized_type_check action=maybe_recompile pc=0x000001e2142a0eac method=java.util.HashMap.getNode(Ljava/lang/Object;)Ljava/util/HashMap$Node; @ 128 c2
Event: 0.598 Thread 0x000001e202d63990 DEOPT PACKING pc=0x000001e2142a0eac sp=0x000000663d0fdc90
Event: 0.598 Thread 0x000001e202d63990 DEOPT UNPACKING pc=0x000001e20c7be42f sp=0x000000663d0fdba8 mode 2
Event: 0.599 Thread 0x000001e202d63990 DEOPT PACKING pc=0x000001e20cec41ff sp=0x000000663d0fd830
Event: 0.599 Thread 0x000001e202d63990 DEOPT UNPACKING pc=0x000001e20c7be23f sp=0x000000663d0fccc8 mode 0
Event: 0.768 Thread 0x000001e202d63990 Uncommon trap: trap_request=0xffffff45 fr.pc=0x000001e21429a5c8 relative=0x00000000000013a8
Event: 0.768 Thread 0x000001e202d63990 Uncommon trap: reason=unstable_if action=reinterpret pc=0x000001e21429a5c8 method=java.util.LinkedHashMap.afterNodeInsertion(Z)V @ 1 c2
Event: 0.768 Thread 0x000001e202d63990 DEOPT PACKING pc=0x000001e21429a5c8 sp=0x000000663d0fd160
Event: 0.768 Thread 0x000001e202d63990 DEOPT UNPACKING pc=0x000001e20c7be42f sp=0x000000663d0fd0d0 mode 2
Event: 0.779 Thread 0x000001e202d63990 DEOPT PACKING pc=0x000001e20d06bed4 sp=0x000000663d0fd050
Event: 0.779 Thread 0x000001e202d63990 DEOPT UNPACKING pc=0x000001e20c7be23f sp=0x000000663d0fc598 mode 0

Classes unloaded (0 events):
No events

Classes redefined (0 events):
No events

Internal exceptions (20 events):
Event: 0.544 Thread 0x000001e202d63990 Exception <a 'sun/nio/fs/WindowsException'{0x0000000083249ea8}> (0x0000000083249ea8) 
thrown [./open/src/hotspot/share/prims/jni.cpp, line 578]
Event: 0.544 Thread 0x000001e202d63990 Exception <a 'sun/nio/fs/WindowsException'{0x000000008324a168}> (0x000000008324a168) 
thrown [./open/src/hotspot/share/prims/jni.cpp, line 578]
Event: 0.581 Thread 0x000001e202d63990 Exception <a 'java/lang/NoSuchMethodError'{0x0000000083df58d0}: 'void java.lang.invoke.DirectMethodHandle$Holder.invokeSpecial(java.lang.Object, java.lang.Object, java.lang.Object, java.lang.Object, java.lang.Object)'> (0x0000000083df58d0) 
thrown [./open/src/hotspot/share/interpreter/linkResolver.cpp, line 782]
Event: 0.597 Thread 0x000001e202d63990 Exception <a 'sun/nio/fs/WindowsException'{0x0000000083a187a0}> (0x0000000083a187a0) 
thrown [./open/src/hotspot/share/prims/jni.cpp, line 578]
Event: 0.597 Thread 0x000001e202d63990 Exception <a 'sun/nio/fs/WindowsException'{0x0000000083a18a90}> (0x0000000083a18a90) 
thrown [./open/src/hotspot/share/prims/jni.cpp, line 578]
Event: 0.597 Thread 0x000001e202d63990 Exception <a 'sun/nio/fs/WindowsException'{0x0000000083a1a4c0}> (0x0000000083a1a4c0) 
thrown [./open/src/hotspot/share/prims/jni.cpp, line 578]
Event: 0.597 Thread 0x000001e202d63990 Exception <a 'sun/nio/fs/WindowsException'{0x0000000083a1a778}> (0x0000000083a1a778) 
thrown [./open/src/hotspot/share/prims/jni.cpp, line 578]
Event: 0.598 Thread 0x000001e202d63990 Exception <a 'sun/nio/fs/WindowsException'{0x0000000083a1c228}> (0x0000000083a1c228) 
thrown [./open/src/hotspot/share/prims/jni.cpp, line 578]
Event: 0.598 Thread 0x000001e202d63990 Exception <a 'sun/nio/fs/WindowsException'{0x0000000083a1c548}> (0x0000000083a1c548) 
thrown [./open/src/hotspot/share/prims/jni.cpp, line 578]
Event: 0.598 Thread 0x000001e202d63990 Exception <a 'sun/nio/fs/WindowsException'{0x0000000083a1dea8}> (0x0000000083a1dea8) 
thrown [./open/src/hotspot/share/prims/jni.cpp, line 578]
Event: 0.598 Thread 0x000001e202d63990 Exception <a 'sun/nio/fs/WindowsException'{0x0000000083a1e190}> (0x0000000083a1e190) 
thrown [./open/src/hotspot/share/prims/jni.cpp, line 578]
Event: 0.598 Thread 0x000001e202d63990 Exception <a 'sun/nio/fs/WindowsException'{0x0000000083a1fcf0}> (0x0000000083a1fcf0) 
thrown [./open/src/hotspot/share/prims/jni.cpp, line 578]
Event: 0.598 Thread 0x000001e202d63990 Exception <a 'sun/nio/fs/WindowsException'{0x0000000083a20048}> (0x0000000083a20048) 
thrown [./open/src/hotspot/share/prims/jni.cpp, line 578]
Event: 0.600 Thread 0x000001e202d63990 Exception <a 'sun/nio/fs/WindowsException'{0x0000000083a5b650}> (0x0000000083a5b650) 
thrown [./open/src/hotspot/share/prims/jni.cpp, line 578]
Event: 0.600 Thread 0x000001e202d63990 Exception <a 'sun/nio/fs/WindowsException'{0x0000000083a5b970}> (0x0000000083a5b970) 
thrown [./open/src/hotspot/share/prims/jni.cpp, line 578]
Event: 0.677 Thread 0x000001e202d63990 Exception <a 'java/lang/NoSuchMethodError'{0x0000000083f97ea8}: 'void java.lang.invoke.DirectMethodHandle$Holder.invokeVirtual(java.lang.Object, java.lang.Object)'> (0x0000000083f97ea8) 
thrown [./open/src/hotspot/share/interpreter/linkResolver.cpp, line 782]
Event: 0.678 Thread 0x000001e202d63990 Exception <a 'java/lang/NoSuchMethodError'{0x0000000083f9dec8}: 'int java.lang.invoke.DirectMethodHandle$Holder.invokeStatic(java.lang.Object, java.lang.Object, java.lang.Object, java.lang.Object)'> (0x0000000083f9dec8) 
thrown [./open/src/hotspot/share/interpreter/linkResolver.cpp, line 782]
Event: 0.707 Thread 0x000001e202d63990 Exception <a 'java/lang/NoSuchMethodError'{0x0000000083d61068}: 'int java.lang.invoke.DirectMethodHandle$Holder.invokeVirtual(java.lang.Object, java.lang.Object, java.lang.Object, java.lang.Object)'> (0x0000000083d61068) 
thrown [./open/src/hotspot/share/interpreter/linkResolver.cpp, line 782]
Event: 0.708 Thread 0x000001e202d63990 Exception <a 'java/lang/NoSuchMethodError'{0x0000000083d6cf48}: 'java.lang.Object java.lang.invoke.DirectMethodHandle$Holder.newInvokeSpecial(java.lang.Object, java.lang.Object, int, java.lang.Object)'> (0x0000000083d6cf48) 
thrown [./open/src/hotspot/share/interpreter/linkResolver.cpp, line 782]
Event: 0.708 Thread 0x000001e202d63990 Exception <a 'java/lang/NoSuchMethodError'{0x0000000083d716d8}: 'java.lang.Object java.lang.invoke.DirectMethodHandle$Holder.invokeSpecial(java.lang.Object, java.lang.Object, java.lang.Object, int, java.lang.Object)'> (0x0000000083d716d8) 
thrown [./open/src/hotspot/share/interpreter/linkResolver.cpp, line 782]

Events (20 events):
Event: 0.643 loading class java/util/stream/Node$Builder done
Event: 0.643 loading class java/util/stream/Nodes$ArrayNode
Event: 0.643 loading class java/util/stream/Nodes$ArrayNode done
Event: 0.643 loading class java/util/stream/Nodes$FixedNodeBuilder done
Event: 0.653 Executing VM operation: G1CollectForAllocation
Event: 0.660 Executing VM operation: G1CollectForAllocation done
Event: 0.713 loading class java/util/EnumMap$EntrySet
Event: 0.714 loading class java/util/EnumMap$EntrySet done
Event: 0.714 loading class java/util/EnumMap$EntryIterator
Event: 0.714 loading class java/util/EnumMap$EnumMapIterator
Event: 0.714 loading class java/util/EnumMap$EnumMapIterator done
Event: 0.714 loading class java/util/EnumMap$EntryIterator done
Event: 0.714 loading class java/util/EnumMap$EntryIterator$Entry
Event: 0.714 loading class java/util/EnumMap$EntryIterator$Entry done
Event: 0.732 Executing VM operation: ICBufferFull
Event: 0.733 Executing VM operation: ICBufferFull done
Event: 0.779 Executing VM operation: HandshakeAllThreads
Event: 0.779 Executing VM operation: HandshakeAllThreads done
Event: 0.785 Executing VM operation: ICBufferFull
Event: 0.785 Executing VM operation: ICBufferFull done


Dynamic libraries:
0x00007ff6c9420000 - 0x00007ff6c9428000 	F:\Run\JDK\bin\javac.exe
0x00007ff875630000 - 0x00007ff875825000 	C:\WINDOWS\SYSTEM32\ntdll.dll
0x00007ff8736d0000 - 0x00007ff87378e000 	C:\WINDOWS\System32\KERNEL32.DLL
0x00007ff8733a0000 - 0x00007ff873668000 	C:\WINDOWS\System32\KERNELBASE.dll
0x00007ff873120000 - 0x00007ff873220000 	C:\WINDOWS\System32\ucrtbase.dll
0x00007ff86d270000 - 0x00007ff86d288000 	F:\Run\JDK\bin\jli.dll
0x00007ff86ca00000 - 0x00007ff86ca19000 	F:\Run\JDK\bin\VCRUNTIME140.dll
0x00007ff8754e0000 - 0x00007ff87558e000 	C:\WINDOWS\System32\ADVAPI32.dll
0x00007ff874060000 - 0x00007ff8740fe000 	C:\WINDOWS\System32\msvcrt.dll
0x00007ff874480000 - 0x00007ff87451c000 	C:\WINDOWS\System32\sechost.dll
0x00007ff8752c0000 - 0x00007ff8753e5000 	C:\WINDOWS\System32\RPCRT4.dll
0x00007ff875110000 - 0x00007ff8752b1000 	C:\WINDOWS\System32\USER32.dll
0x00007ff872f50000 - 0x00007ff872f72000 	C:\WINDOWS\System32\win32u.dll
0x00007ff856840000 - 0x00007ff856ada000 	C:\WINDOWS\WinSxS\amd64_microsoft.windows.common-controls_6595b64144ccf1df_6.0.19041.1110_none_60b5254171f9507e\COMCTL32.dll
0x00007ff8737b0000 - 0x00007ff8737db000 	C:\WINDOWS\System32\GDI32.dll
0x00007ff873010000 - 0x00007ff87311d000 	C:\WINDOWS\System32\gdi32full.dll
0x00007ff873300000 - 0x00007ff87339d000 	C:\WINDOWS\System32\msvcp_win.dll
0x00007ff86bb30000 - 0x00007ff86bb3a000 	C:\WINDOWS\SYSTEM32\VERSION.dll
0x00007ff875400000 - 0x00007ff875430000 	C:\WINDOWS\System32\IMM32.DLL
0x00007ff86c9f0000 - 0x00007ff86c9fc000 	F:\Run\JDK\bin\vcruntime140_1.dll
0x00007ff85eed0000 - 0x00007ff85ef61000 	F:\Run\JDK\bin\msvcp140.dll
0x00007ff8251a0000 - 0x00007ff825cfe000 	F:\Run\JDK\bin\server\jvm.dll
0x00007ff874110000 - 0x00007ff874118000 	C:\WINDOWS\System32\PSAPI.DLL
0x00007ff86ca40000 - 0x00007ff86ca49000 	C:\WINDOWS\SYSTEM32\WSOCK32.dll
0x00007ff859cb0000 - 0x00007ff859cd7000 	C:\WINDOWS\SYSTEM32\WINMM.dll
0x00007ff8743b0000 - 0x00007ff87441b000 	C:\WINDOWS\System32\WS2_32.dll
0x00007ff871610000 - 0x00007ff871622000 	C:\WINDOWS\SYSTEM32\kernel.appcore.dll
0x00007ff86c9e0000 - 0x00007ff86c9ea000 	F:\Run\JDK\bin\jimage.dll
0x00007ff870b30000 - 0x00007ff870d14000 	C:\WINDOWS\SYSTEM32\DBGHELP.DLL
0x00007ff861e40000 - 0x00007ff861e6c000 	C:\WINDOWS\SYSTEM32\dbgcore.DLL
0x00007ff873270000 - 0x00007ff8732f2000 	C:\WINDOWS\System32\bcryptPrimitives.dll
0x00007ff86b740000 - 0x00007ff86b765000 	F:\Run\JDK\bin\java.dll
0x00007ff874880000 - 0x00007ff874fc4000 	C:\WINDOWS\System32\SHELL32.dll
0x00007ff870e10000 - 0x00007ff8715a5000 	C:\WINDOWS\SYSTEM32\windows.storage.dll
0x00007ff874520000 - 0x00007ff874875000 	C:\WINDOWS\System32\combase.dll
0x00007ff872790000 - 0x00007ff8727be000 	C:\WINDOWS\SYSTEM32\Wldp.dll
0x00007ff875060000 - 0x00007ff87510d000 	C:\WINDOWS\System32\SHCORE.dll
0x00007ff874420000 - 0x00007ff874475000 	C:\WINDOWS\System32\shlwapi.dll
0x00007ff872c80000 - 0x00007ff872c9f000 	C:\WINDOWS\SYSTEM32\profapi.dll
0x00007ff86b700000 - 0x00007ff86b719000 	F:\Run\JDK\bin\net.dll
0x00007ff869c30000 - 0x00007ff869d3c000 	C:\WINDOWS\SYSTEM32\WINHTTP.dll
0x00007ff8724f0000 - 0x00007ff87255a000 	C:\WINDOWS\system32\mswsock.dll
0x00007ff86b6e0000 - 0x00007ff86b6f2000 	F:\Run\JDK\bin\nio.dll
0x00007ff86b720000 - 0x00007ff86b738000 	F:\Run\JDK\bin\zip.dll

dbghelp: loaded successfully - version: 4.0.5 - missing functions: none
symbol engine: initialized successfully - sym options: 0x614 - pdb path: .;F:\Run\JDK\bin;C:\WINDOWS\SYSTEM32;C:\WINDOWS\WinSxS\amd64_microsoft.windows.common-controls_6595b64144ccf1df_6.0.19041.1110_none_60b5254171f9507e;F:\Run\JDK\bin\server

VM Arguments:
jvm_args: -Dapplication.home=F:\Run\JDK --add-modules=ALL-DEFAULT -Xms8m -Djdk.module.main=jdk.compiler 
java_command: jdk.compiler/com.sun.tools.javac.Main -d E:\4th Semester\Java OOP\University Dormitory Management\build\classes -classpath E:\4th Semester\Java OOP\University Dormitory Management\build\classes;E:\4th Semester\Java OOP\java\RSCalendar.jar;E:\4th Semester\Java OOP\java\jcalendar-1.4\lib\jcalendar-1.4.jar;E:\4th Semester\Java OOP\java\mysql-connector-java-8.0.26\mysql-connector-java-8.0.26.jar;F:\Download all\Download all\netbeans\java\modules\ext\AbsoluteLayout.jar -sourcepath E:\4th Semester\Java OOP\University Dormitory Management\src -target 15 -encoding UTF-8 -g -processorpath E:\4th Semester\Java OOP\java\RSCalendar.jar;E:\4th Semester\Java OOP\java\jcalendar-1.4\lib\jcalendar-1.4.jar;E:\4th Semester\Java OOP\java\mysql-connector-java-8.0.26\mysql-connector-java-8.0.26.jar;F:\Download all\Download all\netbeans\java\modules\ext\AbsoluteLayout.jar;E:\4th Semester\Java OOP\University Dormitory Management\build\empty -s E:\4th Semester\Java OOP\University Dormitory Management\build\generated-sources\ap-source-output -source 15 E:\4th Semester\Java OOP\University Dormitory Management\src\Test.java
java_class_path (initial): <not set>
Launcher Type: SUN_STANDARD

[Global flags]
     intx CICompilerCount                          = 4                                         {product} {ergonomic}
     uint ConcGCThreads                            = 2                                         {product} {ergonomic}
     uint G1ConcRefinementThreads                  = 8                                         {product} {ergonomic}
   size_t G1HeapRegionSize                         = 1048576                                   {product} {ergonomic}
    uintx GCDrainStackTargetSize                   = 64                                        {product} {ergonomic}
   size_t InitialHeapSize                          = 8388608                                   {product} {command line}
   size_t MarkStackSize                            = 4194304                                   {product} {ergonomic}
   size_t MaxHeapSize                              = 2113929216                                {product} {ergonomic}
   size_t MaxNewSize                               = 1267728384                                {product} {ergonomic}
   size_t MinHeapDeltaBytes                        = 1048576                                   {product} {ergonomic}
   size_t MinHeapSize                              = 8388608                                   {product} {command line}
    uintx NonNMethodCodeHeapSize                   = 5839372                                {pd product} {ergonomic}
    uintx NonProfiledCodeHeapSize                  = 122909434                              {pd product} {ergonomic}
    uintx ProfiledCodeHeapSize                     = 122909434                              {pd product} {ergonomic}
    uintx ReservedCodeCacheSize                    = 251658240                              {pd product} {ergonomic}
     bool SegmentedCodeCache                       = true                                      {product} {ergonomic}
   size_t SoftMaxHeapSize                          = 2113929216                             {manageable} {ergonomic}
     bool UseCompressedClassPointers               = true                                 {lp64_product} {ergonomic}
     bool UseCompressedOops                        = true                                 {lp64_product} {ergonomic}
     bool UseG1GC                                  = true                                      {product} {ergonomic}
     bool UseLargePagesIndividualAllocation        = false                                  {pd product} {ergonomic}

Logging:
Log output configuration:
 #0: stdout all=warning uptime,level,tags
 #1: stderr all=off uptime,level,tags

Environment Variables:
JAVA_HOME=F:\Run\JDK
PATH=C:\Program Files\Common Files\Oracle\Java\javapath;C:\Program Files (x86)\VMware\VMware Workstation\bin\;C:\Windows\system32;C:\Windows;C:\Windows\System32\Wbem;C:\Windows\System32\WindowsPowerShell\v1.0\;C:\Windows\System32\OpenSSH\;C:\Program Files (x86)\NVIDIA Corporation\PhysX\Common;C:\Program Files\Java\jdk-15.0.2\bin;F:\Run\python;C:\WINDOWS\system32;C:\WINDOWS;C:\WINDOWS\System32\Wbem;C:\WINDOWS\System32\WindowsPowerShell\v1.0\;C:\WINDOWS\System32\OpenSSH\;C:\Program Files\NVIDIA Corporation\NVIDIA NvDLISR;F:\Run\git run\Git\cmd;C:\Program Files\Graphviz\bin;C:\hadoop-3.3.1\bin;C:\hadoop-3.3.1\sbin;F:\Run\JDK\bin;C:\Program Files\MySQL\MySQL Shell 8.0\bin\;C:\Users\Userr\AppData\Local\Microsoft\WindowsApps;F:\Run\pycharm\PyCharm Community Edition 2020.3.5\bin;;C:\Program Files (x86)\Inno Setup 6;;F:\Run\VS code\Microsoft VS Code\bin;F:\Run\Intellij\IntelliJ IDEA Community Edition 2021.3.1\bin;
USERNAME=Userr
OS=Windows_NT
PROCESSOR_IDENTIFIER=Intel64 Family 6 Model 142 Stepping 12, GenuineIntel



---------------  S Y S T E M  ---------------

OS:
 Windows 10 , 64 bit Build 19041 (10.0.19041.1466)
OS uptime: 0 days 9:19 hours

CPU: total 8 (initial active 8) (4 cores per cpu, 2 threads per core) family 6 model 142 stepping 12 microcode 0xb8, cmov, cx8, fxsr, mmx, sse, sse2, sse3, ssse3, sse4.1, sse4.2, popcnt, vzeroupper, avx, avx2, aes, clmul, erms, 3dnowpref, lzcnt, ht, tsc, tscinvbit, bmi1, bmi2, adx, fma, clflush, clflushopt

Memory: 4k page, system-wide physical 8062M (504M free)
TotalPageFile size 23153M (AvailPageFile size 4M)
current process WorkingSet (physical memory assigned to process): 120M, peak: 120M
current process commit charge ("private bytes"): 160M, peak: 160M

vm_info: Java HotSpot(TM) 64-Bit Server VM (15.0.2+7-27) for windows-amd64 JRE (15.0.2+7-27), built on Dec  7 2020 20:07:01 by "mach5one" with unknown MS VC++:1925

END.
